2018-04-10 13:03:13 Notice: Notice (8): Trying to get property of non-object in [C:\wamp\www\classificados_ifrs\src\Template\Anuncios\add.ctp, line 9]
Request URL: /anuncios/add
Client IP: 192.168.100.117
Trace:
Cake\Error\BaseErrorHandler::handleError() - CORE\src\Error\BaseErrorHandler.php, line 153
include - APP/Template\Anuncios\add.ctp, line 9
Cake\View\View::_evaluate() - CORE\src\View\View.php, line 1203
Cake\View\View::_render() - CORE\src\View\View.php, line 1164
Cake\View\View::render() - CORE\src\View\View.php, line 772
Cake\Controller\Controller::render() - CORE\src\Controller\Controller.php, line 623
Cake\Http\ActionDispatcher::_invoke() - CORE\src\Http\ActionDispatcher.php, line 125
Cake\Http\ActionDispatcher::dispatch() - CORE\src\Http\ActionDispatcher.php, line 93
Cake\Http\BaseApplication::__invoke() - CORE\src\Http\BaseApplication.php, line 108
Cake\Http\Runner::__invoke() - CORE\src\Http\Runner.php, line 65
Cake\Routing\Middleware\RoutingMiddleware::__invoke() - CORE\src\Routing\Middleware\RoutingMiddleware.php, line 104
Cake\Http\Runner::__invoke() - CORE\src\Http\Runner.php, line 65
Cake\Routing\Middleware\AssetMiddleware::__invoke() - CORE\src\Routing\Middleware\AssetMiddleware.php, line 88
Cake\Http\Runner::__invoke() - CORE\src\Http\Runner.php, line 65
Cake\Error\Middleware\ErrorHandlerMiddleware::__invoke() - CORE\src\Error\Middleware\ErrorHandlerMiddleware.php, line 98
Cake\Http\Runner::__invoke() - CORE\src\Http\Runner.php, line 65
DebugKit\Middleware\DebugKitMiddleware::__invoke() - ROOT\vendor\cakephp\debug_kit\src\Middleware\DebugKitMiddleware.php, line 52
Cake\Http\Runner::__invoke() - CORE\src\Http\Runner.php, line 65
Cake\Http\Runner::run() - CORE\src\Http\Runner.php, line 51
Cake\Http\Server::run() - CORE\src\Http\Server.php, line 81
[main] - ROOT\webroot\index.php, line 40



2018-04-10 13:03:13 Notice: Notice (8): Trying to get property of non-object in [C:\wamp\www\classificados_ifrs\src\Template\Anuncios\add.ctp, line 9]
Request URL: /anuncios/add
Client IP: 192.168.100.117
Trace:
Cake\Error\BaseErrorHandler::handleError() - CORE\src\Error\BaseErrorHandler.php, line 153
include - APP/Template\Anuncios\add.ctp, line 9
Cake\View\View::_evaluate() - CORE\src\View\View.php, line 1203
Cake\View\View::_render() - CORE\src\View\View.php, line 1164
Cake\View\View::render() - CORE\src\View\View.php, line 772
Cake\Controller\Controller::render() - CORE\src\Controller\Controller.php, line 623
Cake\Http\ActionDispatcher::_invoke() - CORE\src\Http\ActionDispatcher.php, line 125
Cake\Http\ActionDispatcher::dispatch() - CORE\src\Http\ActionDispatcher.php, line 93
Cake\Http\BaseApplication::__invoke() - CORE\src\Http\BaseApplication.php, line 108
Cake\Http\Runner::__invoke() - CORE\src\Http\Runner.php, line 65
Cake\Routing\Middleware\RoutingMiddleware::__invoke() - CORE\src\Routing\Middleware\RoutingMiddleware.php, line 104
Cake\Http\Runner::__invoke() - CORE\src\Http\Runner.php, line 65
Cake\Routing\Middleware\AssetMiddleware::__invoke() - CORE\src\Routing\Middleware\AssetMiddleware.php, line 88
Cake\Http\Runner::__invoke() - CORE\src\Http\Runner.php, line 65
Cake\Error\Middleware\ErrorHandlerMiddleware::__invoke() - CORE\src\Error\Middleware\ErrorHandlerMiddleware.php, line 98
Cake\Http\Runner::__invoke() - CORE\src\Http\Runner.php, line 65
DebugKit\Middleware\DebugKitMiddleware::__invoke() - ROOT\vendor\cakephp\debug_kit\src\Middleware\DebugKitMiddleware.php, line 52
Cake\Http\Runner::__invoke() - CORE\src\Http\Runner.php, line 65
Cake\Http\Runner::run() - CORE\src\Http\Runner.php, line 51
Cake\Http\Server::run() - CORE\src\Http\Server.php, line 81
[main] - ROOT\webroot\index.php, line 40



2018-04-10 13:04:01 Notice: Notice (8): Trying to get property of non-object in [C:\wamp\www\classificados_ifrs\src\Template\Anuncios\add.ctp, line 9]
Request URL: /anuncios/add
Client IP: 192.168.100.117
Trace:
Cake\Error\BaseErrorHandler::handleError() - CORE\src\Error\BaseErrorHandler.php, line 153
include - APP/Template\Anuncios\add.ctp, line 9
Cake\View\View::_evaluate() - CORE\src\View\View.php, line 1203
Cake\View\View::_render() - CORE\src\View\View.php, line 1164
Cake\View\View::render() - CORE\src\View\View.php, line 772
Cake\Controller\Controller::render() - CORE\src\Controller\Controller.php, line 623
Cake\Http\ActionDispatcher::_invoke() - CORE\src\Http\ActionDispatcher.php, line 125
Cake\Http\ActionDispatcher::dispatch() - CORE\src\Http\ActionDispatcher.php, line 93
Cake\Http\BaseApplication::__invoke() - CORE\src\Http\BaseApplication.php, line 108
Cake\Http\Runner::__invoke() - CORE\src\Http\Runner.php, line 65
Cake\Routing\Middleware\RoutingMiddleware::__invoke() - CORE\src\Routing\Middleware\RoutingMiddleware.php, line 104
Cake\Http\Runner::__invoke() - CORE\src\Http\Runner.php, line 65
Cake\Routing\Middleware\AssetMiddleware::__invoke() - CORE\src\Routing\Middleware\AssetMiddleware.php, line 88
Cake\Http\Runner::__invoke() - CORE\src\Http\Runner.php, line 65
Cake\Error\Middleware\ErrorHandlerMiddleware::__invoke() - CORE\src\Error\Middleware\ErrorHandlerMiddleware.php, line 98
Cake\Http\Runner::__invoke() - CORE\src\Http\Runner.php, line 65
DebugKit\Middleware\DebugKitMiddleware::__invoke() - ROOT\vendor\cakephp\debug_kit\src\Middleware\DebugKitMiddleware.php, line 52
Cake\Http\Runner::__invoke() - CORE\src\Http\Runner.php, line 65
Cake\Http\Runner::run() - CORE\src\Http\Runner.php, line 51
Cake\Http\Server::run() - CORE\src\Http\Server.php, line 81
[main] - ROOT\webroot\index.php, line 40



2018-04-10 13:04:01 Notice: Notice (8): Trying to get property of non-object in [C:\wamp\www\classificados_ifrs\src\Template\Anuncios\add.ctp, line 9]
Request URL: /anuncios/add
Client IP: 192.168.100.117
Trace:
Cake\Error\BaseErrorHandler::handleError() - CORE\src\Error\BaseErrorHandler.php, line 153
include - APP/Template\Anuncios\add.ctp, line 9
Cake\View\View::_evaluate() - CORE\src\View\View.php, line 1203
Cake\View\View::_render() - CORE\src\View\View.php, line 1164
Cake\View\View::render() - CORE\src\View\View.php, line 772
Cake\Controller\Controller::render() - CORE\src\Controller\Controller.php, line 623
Cake\Http\ActionDispatcher::_invoke() - CORE\src\Http\ActionDispatcher.php, line 125
Cake\Http\ActionDispatcher::dispatch() - CORE\src\Http\ActionDispatcher.php, line 93
Cake\Http\BaseApplication::__invoke() - CORE\src\Http\BaseApplication.php, line 108
Cake\Http\Runner::__invoke() - CORE\src\Http\Runner.php, line 65
Cake\Routing\Middleware\RoutingMiddleware::__invoke() - CORE\src\Routing\Middleware\RoutingMiddleware.php, line 104
Cake\Http\Runner::__invoke() - CORE\src\Http\Runner.php, line 65
Cake\Routing\Middleware\AssetMiddleware::__invoke() - CORE\src\Routing\Middleware\AssetMiddleware.php, line 88
Cake\Http\Runner::__invoke() - CORE\src\Http\Runner.php, line 65
Cake\Error\Middleware\ErrorHandlerMiddleware::__invoke() - CORE\src\Error\Middleware\ErrorHandlerMiddleware.php, line 98
Cake\Http\Runner::__invoke() - CORE\src\Http\Runner.php, line 65
DebugKit\Middleware\DebugKitMiddleware::__invoke() - ROOT\vendor\cakephp\debug_kit\src\Middleware\DebugKitMiddleware.php, line 52
Cake\Http\Runner::__invoke() - CORE\src\Http\Runner.php, line 65
Cake\Http\Runner::run() - CORE\src\Http\Runner.php, line 51
Cake\Http\Server::run() - CORE\src\Http\Server.php, line 81
[main] - ROOT\webroot\index.php, line 40



2018-04-10 13:04:27 Notice: Notice (8): Trying to get property of non-object in [C:\wamp\www\classificados_ifrs\src\Template\Anuncios\add.ctp, line 11]
Request URL: /anuncios/add
Client IP: 192.168.100.117
Trace:
Cake\Error\BaseErrorHandler::handleError() - CORE\src\Error\BaseErrorHandler.php, line 153
include - APP/Template\Anuncios\add.ctp, line 11
Cake\View\View::_evaluate() - CORE\src\View\View.php, line 1203
Cake\View\View::_render() - CORE\src\View\View.php, line 1164
Cake\View\View::render() - CORE\src\View\View.php, line 772
Cake\Controller\Controller::render() - CORE\src\Controller\Controller.php, line 623
Cake\Http\ActionDispatcher::_invoke() - CORE\src\Http\ActionDispatcher.php, line 125
Cake\Http\ActionDispatcher::dispatch() - CORE\src\Http\ActionDispatcher.php, line 93
Cake\Http\BaseApplication::__invoke() - CORE\src\Http\BaseApplication.php, line 108
Cake\Http\Runner::__invoke() - CORE\src\Http\Runner.php, line 65
Cake\Routing\Middleware\RoutingMiddleware::__invoke() - CORE\src\Routing\Middleware\RoutingMiddleware.php, line 104
Cake\Http\Runner::__invoke() - CORE\src\Http\Runner.php, line 65
Cake\Routing\Middleware\AssetMiddleware::__invoke() - CORE\src\Routing\Middleware\AssetMiddleware.php, line 88
Cake\Http\Runner::__invoke() - CORE\src\Http\Runner.php, line 65
Cake\Error\Middleware\ErrorHandlerMiddleware::__invoke() - CORE\src\Error\Middleware\ErrorHandlerMiddleware.php, line 98
Cake\Http\Runner::__invoke() - CORE\src\Http\Runner.php, line 65
DebugKit\Middleware\DebugKitMiddleware::__invoke() - ROOT\vendor\cakephp\debug_kit\src\Middleware\DebugKitMiddleware.php, line 52
Cake\Http\Runner::__invoke() - CORE\src\Http\Runner.php, line 65
Cake\Http\Runner::run() - CORE\src\Http\Runner.php, line 51
Cake\Http\Server::run() - CORE\src\Http\Server.php, line 81
[main] - ROOT\webroot\index.php, line 40



2018-04-10 13:04:27 Notice: Notice (8): Trying to get property of non-object in [C:\wamp\www\classificados_ifrs\src\Template\Anuncios\add.ctp, line 11]
Request URL: /anuncios/add
Client IP: 192.168.100.117
Trace:
Cake\Error\BaseErrorHandler::handleError() - CORE\src\Error\BaseErrorHandler.php, line 153
include - APP/Template\Anuncios\add.ctp, line 11
Cake\View\View::_evaluate() - CORE\src\View\View.php, line 1203
Cake\View\View::_render() - CORE\src\View\View.php, line 1164
Cake\View\View::render() - CORE\src\View\View.php, line 772
Cake\Controller\Controller::render() - CORE\src\Controller\Controller.php, line 623
Cake\Http\ActionDispatcher::_invoke() - CORE\src\Http\ActionDispatcher.php, line 125
Cake\Http\ActionDispatcher::dispatch() - CORE\src\Http\ActionDispatcher.php, line 93
Cake\Http\BaseApplication::__invoke() - CORE\src\Http\BaseApplication.php, line 108
Cake\Http\Runner::__invoke() - CORE\src\Http\Runner.php, line 65
Cake\Routing\Middleware\RoutingMiddleware::__invoke() - CORE\src\Routing\Middleware\RoutingMiddleware.php, line 104
Cake\Http\Runner::__invoke() - CORE\src\Http\Runner.php, line 65
Cake\Routing\Middleware\AssetMiddleware::__invoke() - CORE\src\Routing\Middleware\AssetMiddleware.php, line 88
Cake\Http\Runner::__invoke() - CORE\src\Http\Runner.php, line 65
Cake\Error\Middleware\ErrorHandlerMiddleware::__invoke() - CORE\src\Error\Middleware\ErrorHandlerMiddleware.php, line 98
Cake\Http\Runner::__invoke() - CORE\src\Http\Runner.php, line 65
DebugKit\Middleware\DebugKitMiddleware::__invoke() - ROOT\vendor\cakephp\debug_kit\src\Middleware\DebugKitMiddleware.php, line 52
Cake\Http\Runner::__invoke() - CORE\src\Http\Runner.php, line 65
Cake\Http\Runner::run() - CORE\src\Http\Runner.php, line 51
Cake\Http\Server::run() - CORE\src\Http\Server.php, line 81
[main] - ROOT\webroot\index.php, line 40



2018-04-10 13:04:44 Notice: Notice (8): Trying to get property of non-object in [C:\wamp\www\classificados_ifrs\src\Template\Anuncios\add.ctp, line 11]
Request URL: /anuncios/add
Client IP: 192.168.100.117
Trace:
Cake\Error\BaseErrorHandler::handleError() - CORE\src\Error\BaseErrorHandler.php, line 153
include - APP/Template\Anuncios\add.ctp, line 11
Cake\View\View::_evaluate() - CORE\src\View\View.php, line 1203
Cake\View\View::_render() - CORE\src\View\View.php, line 1164
Cake\View\View::render() - CORE\src\View\View.php, line 772
Cake\Controller\Controller::render() - CORE\src\Controller\Controller.php, line 623
Cake\Http\ActionDispatcher::_invoke() - CORE\src\Http\ActionDispatcher.php, line 125
Cake\Http\ActionDispatcher::dispatch() - CORE\src\Http\ActionDispatcher.php, line 93
Cake\Http\BaseApplication::__invoke() - CORE\src\Http\BaseApplication.php, line 108
Cake\Http\Runner::__invoke() - CORE\src\Http\Runner.php, line 65
Cake\Routing\Middleware\RoutingMiddleware::__invoke() - CORE\src\Routing\Middleware\RoutingMiddleware.php, line 104
Cake\Http\Runner::__invoke() - CORE\src\Http\Runner.php, line 65
Cake\Routing\Middleware\AssetMiddleware::__invoke() - CORE\src\Routing\Middleware\AssetMiddleware.php, line 88
Cake\Http\Runner::__invoke() - CORE\src\Http\Runner.php, line 65
Cake\Error\Middleware\ErrorHandlerMiddleware::__invoke() - CORE\src\Error\Middleware\ErrorHandlerMiddleware.php, line 98
Cake\Http\Runner::__invoke() - CORE\src\Http\Runner.php, line 65
DebugKit\Middleware\DebugKitMiddleware::__invoke() - ROOT\vendor\cakephp\debug_kit\src\Middleware\DebugKitMiddleware.php, line 52
Cake\Http\Runner::__invoke() - CORE\src\Http\Runner.php, line 65
Cake\Http\Runner::run() - CORE\src\Http\Runner.php, line 51
Cake\Http\Server::run() - CORE\src\Http\Server.php, line 81
[main] - ROOT\webroot\index.php, line 40



2018-04-10 13:04:44 Notice: Notice (8): Trying to get property of non-object in [C:\wamp\www\classificados_ifrs\src\Template\Anuncios\add.ctp, line 11]
Request URL: /anuncios/add
Client IP: 192.168.100.117
Trace:
Cake\Error\BaseErrorHandler::handleError() - CORE\src\Error\BaseErrorHandler.php, line 153
include - APP/Template\Anuncios\add.ctp, line 11
Cake\View\View::_evaluate() - CORE\src\View\View.php, line 1203
Cake\View\View::_render() - CORE\src\View\View.php, line 1164
Cake\View\View::render() - CORE\src\View\View.php, line 772
Cake\Controller\Controller::render() - CORE\src\Controller\Controller.php, line 623
Cake\Http\ActionDispatcher::_invoke() - CORE\src\Http\ActionDispatcher.php, line 125
Cake\Http\ActionDispatcher::dispatch() - CORE\src\Http\ActionDispatcher.php, line 93
Cake\Http\BaseApplication::__invoke() - CORE\src\Http\BaseApplication.php, line 108
Cake\Http\Runner::__invoke() - CORE\src\Http\Runner.php, line 65
Cake\Routing\Middleware\RoutingMiddleware::__invoke() - CORE\src\Routing\Middleware\RoutingMiddleware.php, line 104
Cake\Http\Runner::__invoke() - CORE\src\Http\Runner.php, line 65
Cake\Routing\Middleware\AssetMiddleware::__invoke() - CORE\src\Routing\Middleware\AssetMiddleware.php, line 88
Cake\Http\Runner::__invoke() - CORE\src\Http\Runner.php, line 65
Cake\Error\Middleware\ErrorHandlerMiddleware::__invoke() - CORE\src\Error\Middleware\ErrorHandlerMiddleware.php, line 98
Cake\Http\Runner::__invoke() - CORE\src\Http\Runner.php, line 65
DebugKit\Middleware\DebugKitMiddleware::__invoke() - ROOT\vendor\cakephp\debug_kit\src\Middleware\DebugKitMiddleware.php, line 52
Cake\Http\Runner::__invoke() - CORE\src\Http\Runner.php, line 65
Cake\Http\Runner::run() - CORE\src\Http\Runner.php, line 51
Cake\Http\Server::run() - CORE\src\Http\Server.php, line 81
[main] - ROOT\webroot\index.php, line 40



2018-04-10 13:06:24 Notice: Notice (8): Trying to get property of non-object in [C:\wamp\www\classificados_ifrs\src\Template\Anuncios\add.ctp, line 11]
Request URL: /anuncios/add
Client IP: 192.168.100.117
Trace:
Cake\Error\BaseErrorHandler::handleError() - CORE\src\Error\BaseErrorHandler.php, line 153
include - APP/Template\Anuncios\add.ctp, line 11
Cake\View\View::_evaluate() - CORE\src\View\View.php, line 1203
Cake\View\View::_render() - CORE\src\View\View.php, line 1164
Cake\View\View::render() - CORE\src\View\View.php, line 772
Cake\Controller\Controller::render() - CORE\src\Controller\Controller.php, line 623
Cake\Http\ActionDispatcher::_invoke() - CORE\src\Http\ActionDispatcher.php, line 125
Cake\Http\ActionDispatcher::dispatch() - CORE\src\Http\ActionDispatcher.php, line 93
Cake\Http\BaseApplication::__invoke() - CORE\src\Http\BaseApplication.php, line 108
Cake\Http\Runner::__invoke() - CORE\src\Http\Runner.php, line 65
Cake\Routing\Middleware\RoutingMiddleware::__invoke() - CORE\src\Routing\Middleware\RoutingMiddleware.php, line 104
Cake\Http\Runner::__invoke() - CORE\src\Http\Runner.php, line 65
Cake\Routing\Middleware\AssetMiddleware::__invoke() - CORE\src\Routing\Middleware\AssetMiddleware.php, line 88
Cake\Http\Runner::__invoke() - CORE\src\Http\Runner.php, line 65
Cake\Error\Middleware\ErrorHandlerMiddleware::__invoke() - CORE\src\Error\Middleware\ErrorHandlerMiddleware.php, line 98
Cake\Http\Runner::__invoke() - CORE\src\Http\Runner.php, line 65
DebugKit\Middleware\DebugKitMiddleware::__invoke() - ROOT\vendor\cakephp\debug_kit\src\Middleware\DebugKitMiddleware.php, line 52
Cake\Http\Runner::__invoke() - CORE\src\Http\Runner.php, line 65
Cake\Http\Runner::run() - CORE\src\Http\Runner.php, line 51
Cake\Http\Server::run() - CORE\src\Http\Server.php, line 81
[main] - ROOT\webroot\index.php, line 40



2018-04-10 13:06:24 Notice: Notice (8): Trying to get property of non-object in [C:\wamp\www\classificados_ifrs\src\Template\Anuncios\add.ctp, line 11]
Request URL: /anuncios/add
Client IP: 192.168.100.117
Trace:
Cake\Error\BaseErrorHandler::handleError() - CORE\src\Error\BaseErrorHandler.php, line 153
include - APP/Template\Anuncios\add.ctp, line 11
Cake\View\View::_evaluate() - CORE\src\View\View.php, line 1203
Cake\View\View::_render() - CORE\src\View\View.php, line 1164
Cake\View\View::render() - CORE\src\View\View.php, line 772
Cake\Controller\Controller::render() - CORE\src\Controller\Controller.php, line 623
Cake\Http\ActionDispatcher::_invoke() - CORE\src\Http\ActionDispatcher.php, line 125
Cake\Http\ActionDispatcher::dispatch() - CORE\src\Http\ActionDispatcher.php, line 93
Cake\Http\BaseApplication::__invoke() - CORE\src\Http\BaseApplication.php, line 108
Cake\Http\Runner::__invoke() - CORE\src\Http\Runner.php, line 65
Cake\Routing\Middleware\RoutingMiddleware::__invoke() - CORE\src\Routing\Middleware\RoutingMiddleware.php, line 104
Cake\Http\Runner::__invoke() - CORE\src\Http\Runner.php, line 65
Cake\Routing\Middleware\AssetMiddleware::__invoke() - CORE\src\Routing\Middleware\AssetMiddleware.php, line 88
Cake\Http\Runner::__invoke() - CORE\src\Http\Runner.php, line 65
Cake\Error\Middleware\ErrorHandlerMiddleware::__invoke() - CORE\src\Error\Middleware\ErrorHandlerMiddleware.php, line 98
Cake\Http\Runner::__invoke() - CORE\src\Http\Runner.php, line 65
DebugKit\Middleware\DebugKitMiddleware::__invoke() - ROOT\vendor\cakephp\debug_kit\src\Middleware\DebugKitMiddleware.php, line 52
Cake\Http\Runner::__invoke() - CORE\src\Http\Runner.php, line 65
Cake\Http\Runner::run() - CORE\src\Http\Runner.php, line 51
Cake\Http\Server::run() - CORE\src\Http\Server.php, line 81
[main] - ROOT\webroot\index.php, line 40



2018-04-25 20:10:02 Notice: Notice (8): Undefined variable: cidades in [C:\wamp\www\classificados_ifrs\src\Template\Users\edit.ctp, line 60]
Request URL: /users/edit/1
Client IP: 192.168.100.117
Trace:
Cake\Error\BaseErrorHandler::handleError() - CORE\src\Error\BaseErrorHandler.php, line 153
include - APP/Template\Users\edit.ctp, line 60
Cake\View\View::_evaluate() - CORE\src\View\View.php, line 1203
Cake\View\View::_render() - CORE\src\View\View.php, line 1164
Cake\View\View::render() - CORE\src\View\View.php, line 772
Cake\Controller\Controller::render() - CORE\src\Controller\Controller.php, line 623
Cake\Http\ActionDispatcher::_invoke() - CORE\src\Http\ActionDispatcher.php, line 125
Cake\Http\ActionDispatcher::dispatch() - CORE\src\Http\ActionDispatcher.php, line 93
Cake\Http\BaseApplication::__invoke() - CORE\src\Http\BaseApplication.php, line 108
Cake\Http\Runner::__invoke() - CORE\src\Http\Runner.php, line 65
Cake\Routing\Middleware\RoutingMiddleware::__invoke() - CORE\src\Routing\Middleware\RoutingMiddleware.php, line 104
Cake\Http\Runner::__invoke() - CORE\src\Http\Runner.php, line 65
Cake\Routing\Middleware\AssetMiddleware::__invoke() - CORE\src\Routing\Middleware\AssetMiddleware.php, line 88
Cake\Http\Runner::__invoke() - CORE\src\Http\Runner.php, line 65
Cake\Error\Middleware\ErrorHandlerMiddleware::__invoke() - CORE\src\Error\Middleware\ErrorHandlerMiddleware.php, line 98
Cake\Http\Runner::__invoke() - CORE\src\Http\Runner.php, line 65
DebugKit\Middleware\DebugKitMiddleware::__invoke() - ROOT\vendor\cakephp\debug_kit\src\Middleware\DebugKitMiddleware.php, line 52
Cake\Http\Runner::__invoke() - CORE\src\Http\Runner.php, line 65
Cake\Http\Runner::run() - CORE\src\Http\Runner.php, line 51
Cake\Http\Server::run() - CORE\src\Http\Server.php, line 81
[main] - ROOT\webroot\index.php, line 40



