2018-03-22 18:48:58 Error: [Cake\View\Exception\MissingTemplateException] Template file "Users\login.ctp" is missing.
Exception Attributes: array (
  'file' => 'Users\\login.ctp',
)
Request URL: /users/login?redirect=%2Fusers%2Fregister
Stack Trace:
#0 C:\wamp\www\classificados_ifrs\vendor\cakephp\cakephp\src\View\View.php(768): Cake\View\View->_getViewFileName(NULL)
#1 C:\wamp\www\classificados_ifrs\vendor\cakephp\cakephp\src\Controller\Controller.php(623): Cake\View\View->render(NULL, NULL)
#2 C:\wamp\www\classificados_ifrs\vendor\cakephp\cakephp\src\Http\ActionDispatcher.php(125): Cake\Controller\Controller->render()
#3 C:\wamp\www\classificados_ifrs\vendor\cakephp\cakephp\src\Http\ActionDispatcher.php(93): Cake\Http\ActionDispatcher->_invoke(Object(App\Controller\UsersController))
#4 C:\wamp\www\classificados_ifrs\vendor\cakephp\cakephp\src\Http\BaseApplication.php(108): Cake\Http\ActionDispatcher->dispatch(Object(Cake\Http\ServerRequest), Object(Cake\Http\Response))
#5 C:\wamp\www\classificados_ifrs\vendor\cakephp\cakephp\src\Http\Runner.php(65): Cake\Http\BaseApplication->__invoke(Object(Cake\Http\ServerRequest), Object(Cake\Http\Response), Object(Cake\Http\Runner))
#6 C:\wamp\www\classificados_ifrs\vendor\cakephp\cakephp\src\Routing\Middleware\RoutingMiddleware.php(104): Cake\Http\Runner->__invoke(Object(Cake\Http\ServerRequest), Object(Cake\Http\Response))
#7 C:\wamp\www\classificados_ifrs\vendor\cakephp\cakephp\src\Http\Runner.php(65): Cake\Routing\Middleware\RoutingMiddleware->__invoke(Object(Cake\Http\ServerRequest), Object(Cake\Http\Response), Object(Cake\Http\Runner))
#8 C:\wamp\www\classificados_ifrs\vendor\cakephp\cakephp\src\Routing\Middleware\AssetMiddleware.php(88): Cake\Http\Runner->__invoke(Object(Cake\Http\ServerRequest), Object(Cake\Http\Response))
#9 C:\wamp\www\classificados_ifrs\vendor\cakephp\cakephp\src\Http\Runner.php(65): Cake\Routing\Middleware\AssetMiddleware->__invoke(Object(Cake\Http\ServerRequest), Object(Cake\Http\Response), Object(Cake\Http\Runner))
#10 C:\wamp\www\classificados_ifrs\vendor\cakephp\cakephp\src\Error\Middleware\ErrorHandlerMiddleware.php(98): Cake\Http\Runner->__invoke(Object(Cake\Http\ServerRequest), Object(Cake\Http\Response))
#11 C:\wamp\www\classificados_ifrs\vendor\cakephp\cakephp\src\Http\Runner.php(65): Cake\Error\Middleware\ErrorHandlerMiddleware->__invoke(Object(Cake\Http\ServerRequest), Object(Cake\Http\Response), Object(Cake\Http\Runner))
#12 C:\wamp\www\classificados_ifrs\vendor\cakephp\debug_kit\src\Middleware\DebugKitMiddleware.php(52): Cake\Http\Runner->__invoke(Object(Cake\Http\ServerRequest), Object(Cake\Http\Response))
#13 C:\wamp\www\classificados_ifrs\vendor\cakephp\cakephp\src\Http\Runner.php(65): DebugKit\Middleware\DebugKitMiddleware->__invoke(Object(Cake\Http\ServerRequest), Object(Cake\Http\Response), Object(Cake\Http\Runner))
#14 C:\wamp\www\classificados_ifrs\vendor\cakephp\cakephp\src\Http\Runner.php(51): Cake\Http\Runner->__invoke(Object(Cake\Http\ServerRequest), Object(Cake\Http\Response))
#15 C:\wamp\www\classificados_ifrs\vendor\cakephp\cakephp\src\Http\Server.php(81): Cake\Http\Runner->run(Object(Cake\Http\MiddlewareQueue), Object(Cake\Http\ServerRequest), Object(Cake\Http\Response))
#16 C:\wamp\www\classificados_ifrs\webroot\index.php(40): Cake\Http\Server->run()
#17 {main}


2018-03-22 18:53:43 Error: Fatal Error (4): syntax error, unexpected ']' in [C:\wamp\www\classificados_ifrs\src\Controller\UsersController.php, line 20]
Request URL: /users/login?redirect=%2Fusers%2Fregister
Client IP: 192.168.100.117
Trace:
Cake\Error\BaseErrorHandler::handleFatalError() - CORE\src\Error\BaseErrorHandler.php, line 223
Cake\Error\BaseErrorHandler::Cake\Error\{closure}() - CORE\src\Error\BaseErrorHandler.php, line 105
[main] - [internal], line ??



2018-03-22 18:53:43 Warning: Headers already sent in C:\wamp\www\classificados_ifrs\src\Controller\UsersController.php:20
2018-03-22 18:53:43 Error: [Cake\Error\FatalErrorException] syntax error, unexpected ']' in C:\wamp\www\classificados_ifrs\src\Controller\UsersController.php on line 20
Request URL: /users/login?redirect=%2Fusers%2Fregister
Client IP: 192.168.100.117
Stack Trace:
#0 C:\wamp\www\classificados_ifrs\vendor\cakephp\cakephp\src\Error\BaseErrorHandler.php(105): Cake\Error\BaseErrorHandler->handleFatalError(4, 'syntax error, u...', 'C:\\wamp\\www\\cla...', 20)
#1 [internal function]: Cake\Error\BaseErrorHandler->Cake\Error\{closure}()
#2 {main}


2018-03-22 18:54:23 Error: Fatal Error (4): syntax error, unexpected '?>', expecting ')' in [C:\wamp\www\classificados_ifrs\src\Template\Users\register.ctp, line 17]
Request URL: /users/register
Client IP: 192.168.100.117
Trace:
Cake\Error\BaseErrorHandler::handleFatalError() - CORE\src\Error\BaseErrorHandler.php, line 223
Cake\Error\BaseErrorHandler::Cake\Error\{closure}() - CORE\src\Error\BaseErrorHandler.php, line 105
[main] - [internal], line ??



2018-03-22 18:54:23 Error: [Cake\Error\FatalErrorException] syntax error, unexpected '?>', expecting ')' in C:\wamp\www\classificados_ifrs\src\Template\Users\register.ctp on line 17
Request URL: /users/register
Client IP: 192.168.100.117
Stack Trace:
#0 C:\wamp\www\classificados_ifrs\vendor\cakephp\cakephp\src\Error\BaseErrorHandler.php(105): Cake\Error\BaseErrorHandler->handleFatalError(4, 'syntax error, u...', 'C:\\wamp\\www\\cla...', 17)
#1 [internal function]: Cake\Error\BaseErrorHandler->Cake\Error\{closure}()
#2 {main}


2018-03-22 18:55:20 Error: Fatal Error (1): Class 'App\Model\Entity\DefaultPasswordHasher' not found in [C:\wamp\www\classificados_ifrs\src\Model\Entity\User.php, line 53]
Request URL: /users/register
Referer URL: http://172.16.0.30:8080/classificados_ifrs/users/register
Client IP: 192.168.100.117
Trace:
Cake\Error\BaseErrorHandler::handleFatalError() - CORE\src\Error\BaseErrorHandler.php, line 223
Cake\Error\BaseErrorHandler::Cake\Error\{closure}() - CORE\src\Error\BaseErrorHandler.php, line 105
[main] - [internal], line ??



2018-03-22 18:55:20 Warning: Headers already sent in C:\wamp\www\classificados_ifrs\src\Model\Entity\User.php:53
2018-03-22 18:55:20 Error: [Cake\Error\FatalErrorException] Class 'App\Model\Entity\DefaultPasswordHasher' not found in C:\wamp\www\classificados_ifrs\src\Model\Entity\User.php on line 53
Request URL: /users/register
Referer URL: http://172.16.0.30:8080/classificados_ifrs/users/register
Client IP: 192.168.100.117
Stack Trace:
#0 C:\wamp\www\classificados_ifrs\vendor\cakephp\cakephp\src\Error\BaseErrorHandler.php(105): Cake\Error\BaseErrorHandler->handleFatalError(1, 'Class 'App\\Mode...', 'C:\\wamp\\www\\cla...', 53)
#1 [internal function]: Cake\Error\BaseErrorHandler->Cake\Error\{closure}()
#2 {main}


2018-03-22 19:02:07 Error: [Cake\Controller\Exception\MissingActionException] Action UsersController::create() could not be found, or is not accessible.
Exception Attributes: array (
  'controller' => 'UsersController',
  'action' => 'create',
  'prefix' => '',
  'plugin' => false,
)
Request URL: /users/create
Stack Trace:
#0 C:\wamp\www\classificados_ifrs\vendor\cakephp\cakephp\src\Http\ActionDispatcher.php(119): Cake\Controller\Controller->invokeAction()
#1 C:\wamp\www\classificados_ifrs\vendor\cakephp\cakephp\src\Http\ActionDispatcher.php(93): Cake\Http\ActionDispatcher->_invoke(Object(App\Controller\UsersController))
#2 C:\wamp\www\classificados_ifrs\vendor\cakephp\cakephp\src\Http\BaseApplication.php(108): Cake\Http\ActionDispatcher->dispatch(Object(Cake\Http\ServerRequest), Object(Cake\Http\Response))
#3 C:\wamp\www\classificados_ifrs\vendor\cakephp\cakephp\src\Http\Runner.php(65): Cake\Http\BaseApplication->__invoke(Object(Cake\Http\ServerRequest), Object(Cake\Http\Response), Object(Cake\Http\Runner))
#4 C:\wamp\www\classificados_ifrs\vendor\cakephp\cakephp\src\Routing\Middleware\RoutingMiddleware.php(104): Cake\Http\Runner->__invoke(Object(Cake\Http\ServerRequest), Object(Cake\Http\Response))
#5 C:\wamp\www\classificados_ifrs\vendor\cakephp\cakephp\src\Http\Runner.php(65): Cake\Routing\Middleware\RoutingMiddleware->__invoke(Object(Cake\Http\ServerRequest), Object(Cake\Http\Response), Object(Cake\Http\Runner))
#6 C:\wamp\www\classificados_ifrs\vendor\cakephp\cakephp\src\Routing\Middleware\AssetMiddleware.php(88): Cake\Http\Runner->__invoke(Object(Cake\Http\ServerRequest), Object(Cake\Http\Response))
#7 C:\wamp\www\classificados_ifrs\vendor\cakephp\cakephp\src\Http\Runner.php(65): Cake\Routing\Middleware\AssetMiddleware->__invoke(Object(Cake\Http\ServerRequest), Object(Cake\Http\Response), Object(Cake\Http\Runner))
#8 C:\wamp\www\classificados_ifrs\vendor\cakephp\cakephp\src\Error\Middleware\ErrorHandlerMiddleware.php(98): Cake\Http\Runner->__invoke(Object(Cake\Http\ServerRequest), Object(Cake\Http\Response))
#9 C:\wamp\www\classificados_ifrs\vendor\cakephp\cakephp\src\Http\Runner.php(65): Cake\Error\Middleware\ErrorHandlerMiddleware->__invoke(Object(Cake\Http\ServerRequest), Object(Cake\Http\Response), Object(Cake\Http\Runner))
#10 C:\wamp\www\classificados_ifrs\vendor\cakephp\debug_kit\src\Middleware\DebugKitMiddleware.php(52): Cake\Http\Runner->__invoke(Object(Cake\Http\ServerRequest), Object(Cake\Http\Response))
#11 C:\wamp\www\classificados_ifrs\vendor\cakephp\cakephp\src\Http\Runner.php(65): DebugKit\Middleware\DebugKitMiddleware->__invoke(Object(Cake\Http\ServerRequest), Object(Cake\Http\Response), Object(Cake\Http\Runner))
#12 C:\wamp\www\classificados_ifrs\vendor\cakephp\cakephp\src\Http\Runner.php(51): Cake\Http\Runner->__invoke(Object(Cake\Http\ServerRequest), Object(Cake\Http\Response))
#13 C:\wamp\www\classificados_ifrs\vendor\cakephp\cakephp\src\Http\Server.php(81): Cake\Http\Runner->run(Object(Cake\Http\MiddlewareQueue), Object(Cake\Http\ServerRequest), Object(Cake\Http\Response))
#14 C:\wamp\www\classificados_ifrs\webroot\index.php(40): Cake\Http\Server->run()
#15 {main}


2018-03-22 19:02:26 Error: Fatal Error (4): syntax error, unexpected 'echo' (T_ECHO), expecting ')' in [C:\wamp\www\classificados_ifrs\src\Template\Users\add.ctp, line 25]
Request URL: /users/add
Client IP: 192.168.100.117
Trace:
Cake\Error\BaseErrorHandler::handleFatalError() - CORE\src\Error\BaseErrorHandler.php, line 223
Cake\Error\BaseErrorHandler::Cake\Error\{closure}() - CORE\src\Error\BaseErrorHandler.php, line 105
[main] - [internal], line ??



2018-03-22 19:02:26 Error: [Cake\Error\FatalErrorException] syntax error, unexpected 'echo' (T_ECHO), expecting ')' in C:\wamp\www\classificados_ifrs\src\Template\Users\add.ctp on line 25
Request URL: /users/add
Client IP: 192.168.100.117
Stack Trace:
#0 C:\wamp\www\classificados_ifrs\vendor\cakephp\cakephp\src\Error\BaseErrorHandler.php(105): Cake\Error\BaseErrorHandler->handleFatalError(4, 'syntax error, u...', 'C:\\wamp\\www\\cla...', 25)
#1 [internal function]: Cake\Error\BaseErrorHandler->Cake\Error\{closure}()
#2 {main}


2018-04-02 22:37:12 Error: [Cake\Routing\Exception\MissingControllerException] Controller class Anuncios could not be found.
Exception Attributes: array (
  'class' => 'Anuncios',
  'plugin' => false,
  'prefix' => false,
  '_ext' => false,
)
Request URL: /anuncios/add
Referer URL: http://localhost/classificados_ifrs/categorias
Stack Trace:
#0 C:\wamp64\www\classificados_ifrs\vendor\cakephp\cakephp\src\Http\ControllerFactory.php(38): Cake\Http\ControllerFactory->missingController(Object(Cake\Http\ServerRequest))
#1 C:\wamp64\www\classificados_ifrs\vendor\cakephp\cakephp\src\Http\ActionDispatcher.php(90): Cake\Http\ControllerFactory->create(Object(Cake\Http\ServerRequest), Object(Cake\Http\Response))
#2 C:\wamp64\www\classificados_ifrs\vendor\cakephp\cakephp\src\Http\BaseApplication.php(108): Cake\Http\ActionDispatcher->dispatch(Object(Cake\Http\ServerRequest), Object(Cake\Http\Response))
#3 C:\wamp64\www\classificados_ifrs\vendor\cakephp\cakephp\src\Http\Runner.php(65): Cake\Http\BaseApplication->__invoke(Object(Cake\Http\ServerRequest), Object(Cake\Http\Response), Object(Cake\Http\Runner))
#4 C:\wamp64\www\classificados_ifrs\vendor\cakephp\cakephp\src\Routing\Middleware\RoutingMiddleware.php(104): Cake\Http\Runner->__invoke(Object(Cake\Http\ServerRequest), Object(Cake\Http\Response))
#5 C:\wamp64\www\classificados_ifrs\vendor\cakephp\cakephp\src\Http\Runner.php(65): Cake\Routing\Middleware\RoutingMiddleware->__invoke(Object(Cake\Http\ServerRequest), Object(Cake\Http\Response), Object(Cake\Http\Runner))
#6 C:\wamp64\www\classificados_ifrs\vendor\cakephp\cakephp\src\Routing\Middleware\AssetMiddleware.php(88): Cake\Http\Runner->__invoke(Object(Cake\Http\ServerRequest), Object(Cake\Http\Response))
#7 C:\wamp64\www\classificados_ifrs\vendor\cakephp\cakephp\src\Http\Runner.php(65): Cake\Routing\Middleware\AssetMiddleware->__invoke(Object(Cake\Http\ServerRequest), Object(Cake\Http\Response), Object(Cake\Http\Runner))
#8 C:\wamp64\www\classificados_ifrs\vendor\cakephp\cakephp\src\Error\Middleware\ErrorHandlerMiddleware.php(98): Cake\Http\Runner->__invoke(Object(Cake\Http\ServerRequest), Object(Cake\Http\Response))
#9 C:\wamp64\www\classificados_ifrs\vendor\cakephp\cakephp\src\Http\Runner.php(65): Cake\Error\Middleware\ErrorHandlerMiddleware->__invoke(Object(Cake\Http\ServerRequest), Object(Cake\Http\Response), Object(Cake\Http\Runner))
#10 C:\wamp64\www\classificados_ifrs\vendor\cakephp\debug_kit\src\Middleware\DebugKitMiddleware.php(52): Cake\Http\Runner->__invoke(Object(Cake\Http\ServerRequest), Object(Cake\Http\Response))
#11 C:\wamp64\www\classificados_ifrs\vendor\cakephp\cakephp\src\Http\Runner.php(65): DebugKit\Middleware\DebugKitMiddleware->__invoke(Object(Cake\Http\ServerRequest), Object(Cake\Http\Response), Object(Cake\Http\Runner))
#12 C:\wamp64\www\classificados_ifrs\vendor\cakephp\cakephp\src\Http\Runner.php(51): Cake\Http\Runner->__invoke(Object(Cake\Http\ServerRequest), Object(Cake\Http\Response))
#13 C:\wamp64\www\classificados_ifrs\vendor\cakephp\cakephp\src\Http\Server.php(81): Cake\Http\Runner->run(Object(Cake\Http\MiddlewareQueue), Object(Cake\Http\ServerRequest), Object(Cake\Http\Response))
#14 C:\wamp64\www\classificados_ifrs\webroot\index.php(40): Cake\Http\Server->run()
#15 {main}


2018-04-02 22:40:29 Error: [Cake\Routing\Exception\MissingControllerException] Controller class Anexos could not be found.
Exception Attributes: array (
  'class' => 'Anexos',
  'plugin' => false,
  'prefix' => false,
  '_ext' => false,
)
Request URL: /anexos/add
Referer URL: http://localhost/classificados_ifrs/anuncios/add
Stack Trace:
#0 C:\wamp64\www\classificados_ifrs\vendor\cakephp\cakephp\src\Http\ControllerFactory.php(38): Cake\Http\ControllerFactory->missingController(Object(Cake\Http\ServerRequest))
#1 C:\wamp64\www\classificados_ifrs\vendor\cakephp\cakephp\src\Http\ActionDispatcher.php(90): Cake\Http\ControllerFactory->create(Object(Cake\Http\ServerRequest), Object(Cake\Http\Response))
#2 C:\wamp64\www\classificados_ifrs\vendor\cakephp\cakephp\src\Http\BaseApplication.php(108): Cake\Http\ActionDispatcher->dispatch(Object(Cake\Http\ServerRequest), Object(Cake\Http\Response))
#3 C:\wamp64\www\classificados_ifrs\vendor\cakephp\cakephp\src\Http\Runner.php(65): Cake\Http\BaseApplication->__invoke(Object(Cake\Http\ServerRequest), Object(Cake\Http\Response), Object(Cake\Http\Runner))
#4 C:\wamp64\www\classificados_ifrs\vendor\cakephp\cakephp\src\Routing\Middleware\RoutingMiddleware.php(104): Cake\Http\Runner->__invoke(Object(Cake\Http\ServerRequest), Object(Cake\Http\Response))
#5 C:\wamp64\www\classificados_ifrs\vendor\cakephp\cakephp\src\Http\Runner.php(65): Cake\Routing\Middleware\RoutingMiddleware->__invoke(Object(Cake\Http\ServerRequest), Object(Cake\Http\Response), Object(Cake\Http\Runner))
#6 C:\wamp64\www\classificados_ifrs\vendor\cakephp\cakephp\src\Routing\Middleware\AssetMiddleware.php(88): Cake\Http\Runner->__invoke(Object(Cake\Http\ServerRequest), Object(Cake\Http\Response))
#7 C:\wamp64\www\classificados_ifrs\vendor\cakephp\cakephp\src\Http\Runner.php(65): Cake\Routing\Middleware\AssetMiddleware->__invoke(Object(Cake\Http\ServerRequest), Object(Cake\Http\Response), Object(Cake\Http\Runner))
#8 C:\wamp64\www\classificados_ifrs\vendor\cakephp\cakephp\src\Error\Middleware\ErrorHandlerMiddleware.php(98): Cake\Http\Runner->__invoke(Object(Cake\Http\ServerRequest), Object(Cake\Http\Response))
#9 C:\wamp64\www\classificados_ifrs\vendor\cakephp\cakephp\src\Http\Runner.php(65): Cake\Error\Middleware\ErrorHandlerMiddleware->__invoke(Object(Cake\Http\ServerRequest), Object(Cake\Http\Response), Object(Cake\Http\Runner))
#10 C:\wamp64\www\classificados_ifrs\vendor\cakephp\debug_kit\src\Middleware\DebugKitMiddleware.php(52): Cake\Http\Runner->__invoke(Object(Cake\Http\ServerRequest), Object(Cake\Http\Response))
#11 C:\wamp64\www\classificados_ifrs\vendor\cakephp\cakephp\src\Http\Runner.php(65): DebugKit\Middleware\DebugKitMiddleware->__invoke(Object(Cake\Http\ServerRequest), Object(Cake\Http\Response), Object(Cake\Http\Runner))
#12 C:\wamp64\www\classificados_ifrs\vendor\cakephp\cakephp\src\Http\Runner.php(51): Cake\Http\Runner->__invoke(Object(Cake\Http\ServerRequest), Object(Cake\Http\Response))
#13 C:\wamp64\www\classificados_ifrs\vendor\cakephp\cakephp\src\Http\Server.php(81): Cake\Http\Runner->run(Object(Cake\Http\MiddlewareQueue), Object(Cake\Http\ServerRequest), Object(Cake\Http\Response))
#14 C:\wamp64\www\classificados_ifrs\webroot\index.php(40): Cake\Http\Server->run()
#15 {main}


2018-04-02 22:40:48 Error: [Cake\Routing\Exception\MissingControllerException] Controller class Anexos could not be found.
Exception Attributes: array (
  'class' => 'Anexos',
  'plugin' => false,
  'prefix' => false,
  '_ext' => false,
)
Request URL: /anexos/add
Referer URL: http://localhost/classificados_ifrs/anuncios/add
Stack Trace:
#0 C:\wamp64\www\classificados_ifrs\vendor\cakephp\cakephp\src\Http\ControllerFactory.php(38): Cake\Http\ControllerFactory->missingController(Object(Cake\Http\ServerRequest))
#1 C:\wamp64\www\classificados_ifrs\vendor\cakephp\cakephp\src\Http\ActionDispatcher.php(90): Cake\Http\ControllerFactory->create(Object(Cake\Http\ServerRequest), Object(Cake\Http\Response))
#2 C:\wamp64\www\classificados_ifrs\vendor\cakephp\cakephp\src\Http\BaseApplication.php(108): Cake\Http\ActionDispatcher->dispatch(Object(Cake\Http\ServerRequest), Object(Cake\Http\Response))
#3 C:\wamp64\www\classificados_ifrs\vendor\cakephp\cakephp\src\Http\Runner.php(65): Cake\Http\BaseApplication->__invoke(Object(Cake\Http\ServerRequest), Object(Cake\Http\Response), Object(Cake\Http\Runner))
#4 C:\wamp64\www\classificados_ifrs\vendor\cakephp\cakephp\src\Routing\Middleware\RoutingMiddleware.php(104): Cake\Http\Runner->__invoke(Object(Cake\Http\ServerRequest), Object(Cake\Http\Response))
#5 C:\wamp64\www\classificados_ifrs\vendor\cakephp\cakephp\src\Http\Runner.php(65): Cake\Routing\Middleware\RoutingMiddleware->__invoke(Object(Cake\Http\ServerRequest), Object(Cake\Http\Response), Object(Cake\Http\Runner))
#6 C:\wamp64\www\classificados_ifrs\vendor\cakephp\cakephp\src\Routing\Middleware\AssetMiddleware.php(88): Cake\Http\Runner->__invoke(Object(Cake\Http\ServerRequest), Object(Cake\Http\Response))
#7 C:\wamp64\www\classificados_ifrs\vendor\cakephp\cakephp\src\Http\Runner.php(65): Cake\Routing\Middleware\AssetMiddleware->__invoke(Object(Cake\Http\ServerRequest), Object(Cake\Http\Response), Object(Cake\Http\Runner))
#8 C:\wamp64\www\classificados_ifrs\vendor\cakephp\cakephp\src\Error\Middleware\ErrorHandlerMiddleware.php(98): Cake\Http\Runner->__invoke(Object(Cake\Http\ServerRequest), Object(Cake\Http\Response))
#9 C:\wamp64\www\classificados_ifrs\vendor\cakephp\cakephp\src\Http\Runner.php(65): Cake\Error\Middleware\ErrorHandlerMiddleware->__invoke(Object(Cake\Http\ServerRequest), Object(Cake\Http\Response), Object(Cake\Http\Runner))
#10 C:\wamp64\www\classificados_ifrs\vendor\cakephp\debug_kit\src\Middleware\DebugKitMiddleware.php(52): Cake\Http\Runner->__invoke(Object(Cake\Http\ServerRequest), Object(Cake\Http\Response))
#11 C:\wamp64\www\classificados_ifrs\vendor\cakephp\cakephp\src\Http\Runner.php(65): DebugKit\Middleware\DebugKitMiddleware->__invoke(Object(Cake\Http\ServerRequest), Object(Cake\Http\Response), Object(Cake\Http\Runner))
#12 C:\wamp64\www\classificados_ifrs\vendor\cakephp\cakephp\src\Http\Runner.php(51): Cake\Http\Runner->__invoke(Object(Cake\Http\ServerRequest), Object(Cake\Http\Response))
#13 C:\wamp64\www\classificados_ifrs\vendor\cakephp\cakephp\src\Http\Server.php(81): Cake\Http\Runner->run(Object(Cake\Http\MiddlewareQueue), Object(Cake\Http\ServerRequest), Object(Cake\Http\Response))
#14 C:\wamp64\www\classificados_ifrs\webroot\index.php(40): Cake\Http\Server->run()
#15 {main}


2018-04-02 22:54:45 Error: [Cake\Controller\Exception\MissingActionException] Action UsersController::regis() could not be found, or is not accessible.
Exception Attributes: array (
  'controller' => 'UsersController',
  'action' => 'regis',
  'prefix' => '',
  'plugin' => false,
)
Request URL: /users/regis
Stack Trace:
#0 C:\wamp64\www\classificados_ifrs\vendor\cakephp\cakephp\src\Http\ActionDispatcher.php(119): Cake\Controller\Controller->invokeAction()
#1 C:\wamp64\www\classificados_ifrs\vendor\cakephp\cakephp\src\Http\ActionDispatcher.php(93): Cake\Http\ActionDispatcher->_invoke(Object(App\Controller\UsersController))
#2 C:\wamp64\www\classificados_ifrs\vendor\cakephp\cakephp\src\Http\BaseApplication.php(108): Cake\Http\ActionDispatcher->dispatch(Object(Cake\Http\ServerRequest), Object(Cake\Http\Response))
#3 C:\wamp64\www\classificados_ifrs\vendor\cakephp\cakephp\src\Http\Runner.php(65): Cake\Http\BaseApplication->__invoke(Object(Cake\Http\ServerRequest), Object(Cake\Http\Response), Object(Cake\Http\Runner))
#4 C:\wamp64\www\classificados_ifrs\vendor\cakephp\cakephp\src\Routing\Middleware\RoutingMiddleware.php(104): Cake\Http\Runner->__invoke(Object(Cake\Http\ServerRequest), Object(Cake\Http\Response))
#5 C:\wamp64\www\classificados_ifrs\vendor\cakephp\cakephp\src\Http\Runner.php(65): Cake\Routing\Middleware\RoutingMiddleware->__invoke(Object(Cake\Http\ServerRequest), Object(Cake\Http\Response), Object(Cake\Http\Runner))
#6 C:\wamp64\www\classificados_ifrs\vendor\cakephp\cakephp\src\Routing\Middleware\AssetMiddleware.php(88): Cake\Http\Runner->__invoke(Object(Cake\Http\ServerRequest), Object(Cake\Http\Response))
#7 C:\wamp64\www\classificados_ifrs\vendor\cakephp\cakephp\src\Http\Runner.php(65): Cake\Routing\Middleware\AssetMiddleware->__invoke(Object(Cake\Http\ServerRequest), Object(Cake\Http\Response), Object(Cake\Http\Runner))
#8 C:\wamp64\www\classificados_ifrs\vendor\cakephp\cakephp\src\Error\Middleware\ErrorHandlerMiddleware.php(98): Cake\Http\Runner->__invoke(Object(Cake\Http\ServerRequest), Object(Cake\Http\Response))
#9 C:\wamp64\www\classificados_ifrs\vendor\cakephp\cakephp\src\Http\Runner.php(65): Cake\Error\Middleware\ErrorHandlerMiddleware->__invoke(Object(Cake\Http\ServerRequest), Object(Cake\Http\Response), Object(Cake\Http\Runner))
#10 C:\wamp64\www\classificados_ifrs\vendor\cakephp\debug_kit\src\Middleware\DebugKitMiddleware.php(52): Cake\Http\Runner->__invoke(Object(Cake\Http\ServerRequest), Object(Cake\Http\Response))
#11 C:\wamp64\www\classificados_ifrs\vendor\cakephp\cakephp\src\Http\Runner.php(65): DebugKit\Middleware\DebugKitMiddleware->__invoke(Object(Cake\Http\ServerRequest), Object(Cake\Http\Response), Object(Cake\Http\Runner))
#12 C:\wamp64\www\classificados_ifrs\vendor\cakephp\cakephp\src\Http\Runner.php(51): Cake\Http\Runner->__invoke(Object(Cake\Http\ServerRequest), Object(Cake\Http\Response))
#13 C:\wamp64\www\classificados_ifrs\vendor\cakephp\cakephp\src\Http\Server.php(81): Cake\Http\Runner->run(Object(Cake\Http\MiddlewareQueue), Object(Cake\Http\ServerRequest), Object(Cake\Http\Response))
#14 C:\wamp64\www\classificados_ifrs\webroot\index.php(40): Cake\Http\Server->run()
#15 {main}


2018-04-02 22:59:46 Error: [Cake\Routing\Exception\MissingControllerException] Controller class Register could not be found.
Exception Attributes: array (
  'class' => 'Register',
  'plugin' => false,
  'prefix' => false,
  '_ext' => false,
)
Request URL: /register/
Stack Trace:
#0 C:\wamp64\www\classificados_ifrs\vendor\cakephp\cakephp\src\Http\ControllerFactory.php(38): Cake\Http\ControllerFactory->missingController(Object(Cake\Http\ServerRequest))
#1 C:\wamp64\www\classificados_ifrs\vendor\cakephp\cakephp\src\Http\ActionDispatcher.php(90): Cake\Http\ControllerFactory->create(Object(Cake\Http\ServerRequest), Object(Cake\Http\Response))
#2 C:\wamp64\www\classificados_ifrs\vendor\cakephp\cakephp\src\Http\BaseApplication.php(108): Cake\Http\ActionDispatcher->dispatch(Object(Cake\Http\ServerRequest), Object(Cake\Http\Response))
#3 C:\wamp64\www\classificados_ifrs\vendor\cakephp\cakephp\src\Http\Runner.php(65): Cake\Http\BaseApplication->__invoke(Object(Cake\Http\ServerRequest), Object(Cake\Http\Response), Object(Cake\Http\Runner))
#4 C:\wamp64\www\classificados_ifrs\vendor\cakephp\cakephp\src\Routing\Middleware\RoutingMiddleware.php(104): Cake\Http\Runner->__invoke(Object(Cake\Http\ServerRequest), Object(Cake\Http\Response))
#5 C:\wamp64\www\classificados_ifrs\vendor\cakephp\cakephp\src\Http\Runner.php(65): Cake\Routing\Middleware\RoutingMiddleware->__invoke(Object(Cake\Http\ServerRequest), Object(Cake\Http\Response), Object(Cake\Http\Runner))
#6 C:\wamp64\www\classificados_ifrs\vendor\cakephp\cakephp\src\Routing\Middleware\AssetMiddleware.php(88): Cake\Http\Runner->__invoke(Object(Cake\Http\ServerRequest), Object(Cake\Http\Response))
#7 C:\wamp64\www\classificados_ifrs\vendor\cakephp\cakephp\src\Http\Runner.php(65): Cake\Routing\Middleware\AssetMiddleware->__invoke(Object(Cake\Http\ServerRequest), Object(Cake\Http\Response), Object(Cake\Http\Runner))
#8 C:\wamp64\www\classificados_ifrs\vendor\cakephp\cakephp\src\Error\Middleware\ErrorHandlerMiddleware.php(98): Cake\Http\Runner->__invoke(Object(Cake\Http\ServerRequest), Object(Cake\Http\Response))
#9 C:\wamp64\www\classificados_ifrs\vendor\cakephp\cakephp\src\Http\Runner.php(65): Cake\Error\Middleware\ErrorHandlerMiddleware->__invoke(Object(Cake\Http\ServerRequest), Object(Cake\Http\Response), Object(Cake\Http\Runner))
#10 C:\wamp64\www\classificados_ifrs\vendor\cakephp\debug_kit\src\Middleware\DebugKitMiddleware.php(52): Cake\Http\Runner->__invoke(Object(Cake\Http\ServerRequest), Object(Cake\Http\Response))
#11 C:\wamp64\www\classificados_ifrs\vendor\cakephp\cakephp\src\Http\Runner.php(65): DebugKit\Middleware\DebugKitMiddleware->__invoke(Object(Cake\Http\ServerRequest), Object(Cake\Http\Response), Object(Cake\Http\Runner))
#12 C:\wamp64\www\classificados_ifrs\vendor\cakephp\cakephp\src\Http\Runner.php(51): Cake\Http\Runner->__invoke(Object(Cake\Http\ServerRequest), Object(Cake\Http\Response))
#13 C:\wamp64\www\classificados_ifrs\vendor\cakephp\cakephp\src\Http\Server.php(81): Cake\Http\Runner->run(Object(Cake\Http\MiddlewareQueue), Object(Cake\Http\ServerRequest), Object(Cake\Http\Response))
#14 C:\wamp64\www\classificados_ifrs\webroot\index.php(40): Cake\Http\Server->run()
#15 {main}


2018-04-02 23:05:09 Error: [ParseError] syntax error, unexpected 'echo' (T_ECHO), expecting ')'
Request URL: /users/edit/1
Referer URL: http://localhost/classificados_ifrs/users/
Stack Trace:
#0 C:\wamp64\www\classificados_ifrs\vendor\cakephp\cakephp\src\View\View.php(1164): Cake\View\View->_evaluate('C:\\wamp64\\www\\c...', Array)
#1 C:\wamp64\www\classificados_ifrs\vendor\cakephp\cakephp\src\View\View.php(772): Cake\View\View->_render('C:\\wamp64\\www\\c...')
#2 C:\wamp64\www\classificados_ifrs\vendor\cakephp\cakephp\src\Controller\Controller.php(623): Cake\View\View->render(NULL, NULL)
#3 C:\wamp64\www\classificados_ifrs\vendor\cakephp\cakephp\src\Http\ActionDispatcher.php(125): Cake\Controller\Controller->render()
#4 C:\wamp64\www\classificados_ifrs\vendor\cakephp\cakephp\src\Http\ActionDispatcher.php(93): Cake\Http\ActionDispatcher->_invoke(Object(App\Controller\UsersController))
#5 C:\wamp64\www\classificados_ifrs\vendor\cakephp\cakephp\src\Http\BaseApplication.php(108): Cake\Http\ActionDispatcher->dispatch(Object(Cake\Http\ServerRequest), Object(Cake\Http\Response))
#6 C:\wamp64\www\classificados_ifrs\vendor\cakephp\cakephp\src\Http\Runner.php(65): Cake\Http\BaseApplication->__invoke(Object(Cake\Http\ServerRequest), Object(Cake\Http\Response), Object(Cake\Http\Runner))
#7 C:\wamp64\www\classificados_ifrs\vendor\cakephp\cakephp\src\Routing\Middleware\RoutingMiddleware.php(104): Cake\Http\Runner->__invoke(Object(Cake\Http\ServerRequest), Object(Cake\Http\Response))
#8 C:\wamp64\www\classificados_ifrs\vendor\cakephp\cakephp\src\Http\Runner.php(65): Cake\Routing\Middleware\RoutingMiddleware->__invoke(Object(Cake\Http\ServerRequest), Object(Cake\Http\Response), Object(Cake\Http\Runner))
#9 C:\wamp64\www\classificados_ifrs\vendor\cakephp\cakephp\src\Routing\Middleware\AssetMiddleware.php(88): Cake\Http\Runner->__invoke(Object(Cake\Http\ServerRequest), Object(Cake\Http\Response))
#10 C:\wamp64\www\classificados_ifrs\vendor\cakephp\cakephp\src\Http\Runner.php(65): Cake\Routing\Middleware\AssetMiddleware->__invoke(Object(Cake\Http\ServerRequest), Object(Cake\Http\Response), Object(Cake\Http\Runner))
#11 C:\wamp64\www\classificados_ifrs\vendor\cakephp\cakephp\src\Error\Middleware\ErrorHandlerMiddleware.php(98): Cake\Http\Runner->__invoke(Object(Cake\Http\ServerRequest), Object(Cake\Http\Response))
#12 C:\wamp64\www\classificados_ifrs\vendor\cakephp\cakephp\src\Http\Runner.php(65): Cake\Error\Middleware\ErrorHandlerMiddleware->__invoke(Object(Cake\Http\ServerRequest), Object(Cake\Http\Response), Object(Cake\Http\Runner))
#13 C:\wamp64\www\classificados_ifrs\vendor\cakephp\debug_kit\src\Middleware\DebugKitMiddleware.php(52): Cake\Http\Runner->__invoke(Object(Cake\Http\ServerRequest), Object(Cake\Http\Response))
#14 C:\wamp64\www\classificados_ifrs\vendor\cakephp\cakephp\src\Http\Runner.php(65): DebugKit\Middleware\DebugKitMiddleware->__invoke(Object(Cake\Http\ServerRequest), Object(Cake\Http\Response), Object(Cake\Http\Runner))
#15 C:\wamp64\www\classificados_ifrs\vendor\cakephp\cakephp\src\Http\Runner.php(51): Cake\Http\Runner->__invoke(Object(Cake\Http\ServerRequest), Object(Cake\Http\Response))
#16 C:\wamp64\www\classificados_ifrs\vendor\cakephp\cakephp\src\Http\Server.php(81): Cake\Http\Runner->run(Object(Cake\Http\MiddlewareQueue), Object(Cake\Http\ServerRequest), Object(Cake\Http\Response))
#17 C:\wamp64\www\classificados_ifrs\webroot\index.php(40): Cake\Http\Server->run()
#18 {main}


2018-04-02 23:05:50 Error: [ParseError] syntax error, unexpected ';', expecting ',' or ')'
Request URL: /users/edit/1
Referer URL: http://localhost/classificados_ifrs/users/
Stack Trace:
#0 C:\wamp64\www\classificados_ifrs\vendor\cakephp\cakephp\src\View\View.php(1164): Cake\View\View->_evaluate('C:\\wamp64\\www\\c...', Array)
#1 C:\wamp64\www\classificados_ifrs\vendor\cakephp\cakephp\src\View\View.php(772): Cake\View\View->_render('C:\\wamp64\\www\\c...')
#2 C:\wamp64\www\classificados_ifrs\vendor\cakephp\cakephp\src\Controller\Controller.php(623): Cake\View\View->render(NULL, NULL)
#3 C:\wamp64\www\classificados_ifrs\vendor\cakephp\cakephp\src\Http\ActionDispatcher.php(125): Cake\Controller\Controller->render()
#4 C:\wamp64\www\classificados_ifrs\vendor\cakephp\cakephp\src\Http\ActionDispatcher.php(93): Cake\Http\ActionDispatcher->_invoke(Object(App\Controller\UsersController))
#5 C:\wamp64\www\classificados_ifrs\vendor\cakephp\cakephp\src\Http\BaseApplication.php(108): Cake\Http\ActionDispatcher->dispatch(Object(Cake\Http\ServerRequest), Object(Cake\Http\Response))
#6 C:\wamp64\www\classificados_ifrs\vendor\cakephp\cakephp\src\Http\Runner.php(65): Cake\Http\BaseApplication->__invoke(Object(Cake\Http\ServerRequest), Object(Cake\Http\Response), Object(Cake\Http\Runner))
#7 C:\wamp64\www\classificados_ifrs\vendor\cakephp\cakephp\src\Routing\Middleware\RoutingMiddleware.php(104): Cake\Http\Runner->__invoke(Object(Cake\Http\ServerRequest), Object(Cake\Http\Response))
#8 C:\wamp64\www\classificados_ifrs\vendor\cakephp\cakephp\src\Http\Runner.php(65): Cake\Routing\Middleware\RoutingMiddleware->__invoke(Object(Cake\Http\ServerRequest), Object(Cake\Http\Response), Object(Cake\Http\Runner))
#9 C:\wamp64\www\classificados_ifrs\vendor\cakephp\cakephp\src\Routing\Middleware\AssetMiddleware.php(88): Cake\Http\Runner->__invoke(Object(Cake\Http\ServerRequest), Object(Cake\Http\Response))
#10 C:\wamp64\www\classificados_ifrs\vendor\cakephp\cakephp\src\Http\Runner.php(65): Cake\Routing\Middleware\AssetMiddleware->__invoke(Object(Cake\Http\ServerRequest), Object(Cake\Http\Response), Object(Cake\Http\Runner))
#11 C:\wamp64\www\classificados_ifrs\vendor\cakephp\cakephp\src\Error\Middleware\ErrorHandlerMiddleware.php(98): Cake\Http\Runner->__invoke(Object(Cake\Http\ServerRequest), Object(Cake\Http\Response))
#12 C:\wamp64\www\classificados_ifrs\vendor\cakephp\cakephp\src\Http\Runner.php(65): Cake\Error\Middleware\ErrorHandlerMiddleware->__invoke(Object(Cake\Http\ServerRequest), Object(Cake\Http\Response), Object(Cake\Http\Runner))
#13 C:\wamp64\www\classificados_ifrs\vendor\cakephp\debug_kit\src\Middleware\DebugKitMiddleware.php(52): Cake\Http\Runner->__invoke(Object(Cake\Http\ServerRequest), Object(Cake\Http\Response))
#14 C:\wamp64\www\classificados_ifrs\vendor\cakephp\cakephp\src\Http\Runner.php(65): DebugKit\Middleware\DebugKitMiddleware->__invoke(Object(Cake\Http\ServerRequest), Object(Cake\Http\Response), Object(Cake\Http\Runner))
#15 C:\wamp64\www\classificados_ifrs\vendor\cakephp\cakephp\src\Http\Runner.php(51): Cake\Http\Runner->__invoke(Object(Cake\Http\ServerRequest), Object(Cake\Http\Response))
#16 C:\wamp64\www\classificados_ifrs\vendor\cakephp\cakephp\src\Http\Server.php(81): Cake\Http\Runner->run(Object(Cake\Http\MiddlewareQueue), Object(Cake\Http\ServerRequest), Object(Cake\Http\Response))
#17 C:\wamp64\www\classificados_ifrs\webroot\index.php(40): Cake\Http\Server->run()
#18 {main}


2018-04-03 13:54:37 Error: [Cake\View\Exception\MissingTemplateException] Template file "Pages\predisplay.ctp" is missing.
Exception Attributes: array (
  'file' => 'Pages\\predisplay.ctp',
)
Request URL: /pages/predisplay?msg=Acesso+Negado
Stack Trace:
#0 C:\wamp\www\classificados_ifrs\vendor\cakephp\cakephp\src\View\View.php(768): Cake\View\View->_getViewFileName('predisplay')
#1 C:\wamp\www\classificados_ifrs\vendor\cakephp\cakephp\src\Controller\Controller.php(623): Cake\View\View->render('predisplay', NULL)
#2 C:\wamp\www\classificados_ifrs\src\Controller\PagesController.php(67): Cake\Controller\Controller->render('predisplay')
#3 C:\wamp\www\classificados_ifrs\vendor\cakephp\cakephp\src\Controller\Controller.php(440): App\Controller\PagesController->display('predisplay')
#4 C:\wamp\www\classificados_ifrs\vendor\cakephp\cakephp\src\Http\ActionDispatcher.php(119): Cake\Controller\Controller->invokeAction()
#5 C:\wamp\www\classificados_ifrs\vendor\cakephp\cakephp\src\Http\ActionDispatcher.php(93): Cake\Http\ActionDispatcher->_invoke(Object(App\Controller\PagesController))
#6 C:\wamp\www\classificados_ifrs\vendor\cakephp\cakephp\src\Http\BaseApplication.php(108): Cake\Http\ActionDispatcher->dispatch(Object(Cake\Http\ServerRequest), Object(Cake\Http\Response))
#7 C:\wamp\www\classificados_ifrs\vendor\cakephp\cakephp\src\Http\Runner.php(65): Cake\Http\BaseApplication->__invoke(Object(Cake\Http\ServerRequest), Object(Cake\Http\Response), Object(Cake\Http\Runner))
#8 C:\wamp\www\classificados_ifrs\vendor\cakephp\cakephp\src\Routing\Middleware\RoutingMiddleware.php(104): Cake\Http\Runner->__invoke(Object(Cake\Http\ServerRequest), Object(Cake\Http\Response))
#9 C:\wamp\www\classificados_ifrs\vendor\cakephp\cakephp\src\Http\Runner.php(65): Cake\Routing\Middleware\RoutingMiddleware->__invoke(Object(Cake\Http\ServerRequest), Object(Cake\Http\Response), Object(Cake\Http\Runner))
#10 C:\wamp\www\classificados_ifrs\vendor\cakephp\cakephp\src\Routing\Middleware\AssetMiddleware.php(88): Cake\Http\Runner->__invoke(Object(Cake\Http\ServerRequest), Object(Cake\Http\Response))
#11 C:\wamp\www\classificados_ifrs\vendor\cakephp\cakephp\src\Http\Runner.php(65): Cake\Routing\Middleware\AssetMiddleware->__invoke(Object(Cake\Http\ServerRequest), Object(Cake\Http\Response), Object(Cake\Http\Runner))
#12 C:\wamp\www\classificados_ifrs\vendor\cakephp\cakephp\src\Error\Middleware\ErrorHandlerMiddleware.php(98): Cake\Http\Runner->__invoke(Object(Cake\Http\ServerRequest), Object(Cake\Http\Response))
#13 C:\wamp\www\classificados_ifrs\vendor\cakephp\cakephp\src\Http\Runner.php(65): Cake\Error\Middleware\ErrorHandlerMiddleware->__invoke(Object(Cake\Http\ServerRequest), Object(Cake\Http\Response), Object(Cake\Http\Runner))
#14 C:\wamp\www\classificados_ifrs\vendor\cakephp\debug_kit\src\Middleware\DebugKitMiddleware.php(52): Cake\Http\Runner->__invoke(Object(Cake\Http\ServerRequest), Object(Cake\Http\Response))
#15 C:\wamp\www\classificados_ifrs\vendor\cakephp\cakephp\src\Http\Runner.php(65): DebugKit\Middleware\DebugKitMiddleware->__invoke(Object(Cake\Http\ServerRequest), Object(Cake\Http\Response), Object(Cake\Http\Runner))
#16 C:\wamp\www\classificados_ifrs\vendor\cakephp\cakephp\src\Http\Runner.php(51): Cake\Http\Runner->__invoke(Object(Cake\Http\ServerRequest), Object(Cake\Http\Response))
#17 C:\wamp\www\classificados_ifrs\vendor\cakephp\cakephp\src\Http\Server.php(81): Cake\Http\Runner->run(Object(Cake\Http\MiddlewareQueue), Object(Cake\Http\ServerRequest), Object(Cake\Http\Response))
#18 C:\wamp\www\classificados_ifrs\webroot\index.php(40): Cake\Http\Server->run()
#19 {main}


2018-04-03 14:36:02 Error: [Cake\View\Exception\MissingLayoutException] Layout file "Layout\1.ctp" is missing.
Exception Attributes: array (
  'file' => 'Layout\\1.ctp',
)
Request URL: /
Stack Trace:
#0 C:\wamp\www\classificados_ifrs\vendor\cakephp\cakephp\src\View\View.php(801): Cake\View\View->_getLayoutFileName(true)
#1 C:\wamp\www\classificados_ifrs\vendor\cakephp\cakephp\src\View\View.php(777): Cake\View\View->renderLayout('', true)
#2 C:\wamp\www\classificados_ifrs\vendor\cakephp\cakephp\src\Controller\Controller.php(623): Cake\View\View->render('home', NULL)
#3 C:\wamp\www\classificados_ifrs\src\Controller\PagesController.php(61): Cake\Controller\Controller->render('home')
#4 C:\wamp\www\classificados_ifrs\vendor\cakephp\cakephp\src\Controller\Controller.php(440): App\Controller\PagesController->display('home')
#5 C:\wamp\www\classificados_ifrs\vendor\cakephp\cakephp\src\Http\ActionDispatcher.php(119): Cake\Controller\Controller->invokeAction()
#6 C:\wamp\www\classificados_ifrs\vendor\cakephp\cakephp\src\Http\ActionDispatcher.php(93): Cake\Http\ActionDispatcher->_invoke(Object(App\Controller\PagesController))
#7 C:\wamp\www\classificados_ifrs\vendor\cakephp\cakephp\src\Http\BaseApplication.php(108): Cake\Http\ActionDispatcher->dispatch(Object(Cake\Http\ServerRequest), Object(Cake\Http\Response))
#8 C:\wamp\www\classificados_ifrs\vendor\cakephp\cakephp\src\Http\Runner.php(65): Cake\Http\BaseApplication->__invoke(Object(Cake\Http\ServerRequest), Object(Cake\Http\Response), Object(Cake\Http\Runner))
#9 C:\wamp\www\classificados_ifrs\vendor\cakephp\cakephp\src\Routing\Middleware\RoutingMiddleware.php(104): Cake\Http\Runner->__invoke(Object(Cake\Http\ServerRequest), Object(Cake\Http\Response))
#10 C:\wamp\www\classificados_ifrs\vendor\cakephp\cakephp\src\Http\Runner.php(65): Cake\Routing\Middleware\RoutingMiddleware->__invoke(Object(Cake\Http\ServerRequest), Object(Cake\Http\Response), Object(Cake\Http\Runner))
#11 C:\wamp\www\classificados_ifrs\vendor\cakephp\cakephp\src\Routing\Middleware\AssetMiddleware.php(88): Cake\Http\Runner->__invoke(Object(Cake\Http\ServerRequest), Object(Cake\Http\Response))
#12 C:\wamp\www\classificados_ifrs\vendor\cakephp\cakephp\src\Http\Runner.php(65): Cake\Routing\Middleware\AssetMiddleware->__invoke(Object(Cake\Http\ServerRequest), Object(Cake\Http\Response), Object(Cake\Http\Runner))
#13 C:\wamp\www\classificados_ifrs\vendor\cakephp\cakephp\src\Error\Middleware\ErrorHandlerMiddleware.php(98): Cake\Http\Runner->__invoke(Object(Cake\Http\ServerRequest), Object(Cake\Http\Response))
#14 C:\wamp\www\classificados_ifrs\vendor\cakephp\cakephp\src\Http\Runner.php(65): Cake\Error\Middleware\ErrorHandlerMiddleware->__invoke(Object(Cake\Http\ServerRequest), Object(Cake\Http\Response), Object(Cake\Http\Runner))
#15 C:\wamp\www\classificados_ifrs\vendor\cakephp\debug_kit\src\Middleware\DebugKitMiddleware.php(52): Cake\Http\Runner->__invoke(Object(Cake\Http\ServerRequest), Object(Cake\Http\Response))
#16 C:\wamp\www\classificados_ifrs\vendor\cakephp\cakephp\src\Http\Runner.php(65): DebugKit\Middleware\DebugKitMiddleware->__invoke(Object(Cake\Http\ServerRequest), Object(Cake\Http\Response), Object(Cake\Http\Runner))
#17 C:\wamp\www\classificados_ifrs\vendor\cakephp\cakephp\src\Http\Runner.php(51): Cake\Http\Runner->__invoke(Object(Cake\Http\ServerRequest), Object(Cake\Http\Response))
#18 C:\wamp\www\classificados_ifrs\vendor\cakephp\cakephp\src\Http\Server.php(81): Cake\Http\Runner->run(Object(Cake\Http\MiddlewareQueue), Object(Cake\Http\ServerRequest), Object(Cake\Http\Response))
#19 C:\wamp\www\classificados_ifrs\webroot\index.php(40): Cake\Http\Server->run()
#20 {main}


2018-04-10 12:17:07 Error: [Cake\Datasource\Exception\RecordNotFoundException] Record not found in table "anuncios"
Request URL: /anuncios/edit/1
Stack Trace:
#0 C:\wamp\www\classificados_ifrs\vendor\cakephp\cakephp\src\ORM\Table.php(1445): Cake\ORM\Query->firstOrFail()
#1 C:\wamp\www\classificados_ifrs\src\Controller\AnunciosController.php(80): Cake\ORM\Table->get(Array, Array)
#2 C:\wamp\www\classificados_ifrs\vendor\cakephp\cakephp\src\Controller\Controller.php(440): App\Controller\AnunciosController->edit('1')
#3 C:\wamp\www\classificados_ifrs\vendor\cakephp\cakephp\src\Http\ActionDispatcher.php(119): Cake\Controller\Controller->invokeAction()
#4 C:\wamp\www\classificados_ifrs\vendor\cakephp\cakephp\src\Http\ActionDispatcher.php(93): Cake\Http\ActionDispatcher->_invoke(Object(App\Controller\AnunciosController))
#5 C:\wamp\www\classificados_ifrs\vendor\cakephp\cakephp\src\Http\BaseApplication.php(108): Cake\Http\ActionDispatcher->dispatch(Object(Cake\Http\ServerRequest), Object(Cake\Http\Response))
#6 C:\wamp\www\classificados_ifrs\vendor\cakephp\cakephp\src\Http\Runner.php(65): Cake\Http\BaseApplication->__invoke(Object(Cake\Http\ServerRequest), Object(Cake\Http\Response), Object(Cake\Http\Runner))
#7 C:\wamp\www\classificados_ifrs\vendor\cakephp\cakephp\src\Routing\Middleware\RoutingMiddleware.php(104): Cake\Http\Runner->__invoke(Object(Cake\Http\ServerRequest), Object(Cake\Http\Response))
#8 C:\wamp\www\classificados_ifrs\vendor\cakephp\cakephp\src\Http\Runner.php(65): Cake\Routing\Middleware\RoutingMiddleware->__invoke(Object(Cake\Http\ServerRequest), Object(Cake\Http\Response), Object(Cake\Http\Runner))
#9 C:\wamp\www\classificados_ifrs\vendor\cakephp\cakephp\src\Routing\Middleware\AssetMiddleware.php(88): Cake\Http\Runner->__invoke(Object(Cake\Http\ServerRequest), Object(Cake\Http\Response))
#10 C:\wamp\www\classificados_ifrs\vendor\cakephp\cakephp\src\Http\Runner.php(65): Cake\Routing\Middleware\AssetMiddleware->__invoke(Object(Cake\Http\ServerRequest), Object(Cake\Http\Response), Object(Cake\Http\Runner))
#11 C:\wamp\www\classificados_ifrs\vendor\cakephp\cakephp\src\Error\Middleware\ErrorHandlerMiddleware.php(98): Cake\Http\Runner->__invoke(Object(Cake\Http\ServerRequest), Object(Cake\Http\Response))
#12 C:\wamp\www\classificados_ifrs\vendor\cakephp\cakephp\src\Http\Runner.php(65): Cake\Error\Middleware\ErrorHandlerMiddleware->__invoke(Object(Cake\Http\ServerRequest), Object(Cake\Http\Response), Object(Cake\Http\Runner))
#13 C:\wamp\www\classificados_ifrs\vendor\cakephp\debug_kit\src\Middleware\DebugKitMiddleware.php(52): Cake\Http\Runner->__invoke(Object(Cake\Http\ServerRequest), Object(Cake\Http\Response))
#14 C:\wamp\www\classificados_ifrs\vendor\cakephp\cakephp\src\Http\Runner.php(65): DebugKit\Middleware\DebugKitMiddleware->__invoke(Object(Cake\Http\ServerRequest), Object(Cake\Http\Response), Object(Cake\Http\Runner))
#15 C:\wamp\www\classificados_ifrs\vendor\cakephp\cakephp\src\Http\Runner.php(51): Cake\Http\Runner->__invoke(Object(Cake\Http\ServerRequest), Object(Cake\Http\Response))
#16 C:\wamp\www\classificados_ifrs\vendor\cakephp\cakephp\src\Http\Server.php(81): Cake\Http\Runner->run(Object(Cake\Http\MiddlewareQueue), Object(Cake\Http\ServerRequest), Object(Cake\Http\Response))
#17 C:\wamp\www\classificados_ifrs\webroot\index.php(40): Cake\Http\Server->run()
#18 {main}


2018-04-10 12:17:42 Error: [Cake\Routing\Exception\MissingControllerException] Controller class Categoria could not be found.
Exception Attributes: array (
  'class' => 'Categoria',
  'plugin' => false,
  'prefix' => false,
  '_ext' => false,
)
Request URL: /categoria/add
Stack Trace:
#0 C:\wamp\www\classificados_ifrs\vendor\cakephp\cakephp\src\Http\ControllerFactory.php(38): Cake\Http\ControllerFactory->missingController(Object(Cake\Http\ServerRequest))
#1 C:\wamp\www\classificados_ifrs\vendor\cakephp\cakephp\src\Http\ActionDispatcher.php(90): Cake\Http\ControllerFactory->create(Object(Cake\Http\ServerRequest), Object(Cake\Http\Response))
#2 C:\wamp\www\classificados_ifrs\vendor\cakephp\cakephp\src\Http\BaseApplication.php(108): Cake\Http\ActionDispatcher->dispatch(Object(Cake\Http\ServerRequest), Object(Cake\Http\Response))
#3 C:\wamp\www\classificados_ifrs\vendor\cakephp\cakephp\src\Http\Runner.php(65): Cake\Http\BaseApplication->__invoke(Object(Cake\Http\ServerRequest), Object(Cake\Http\Response), Object(Cake\Http\Runner))
#4 C:\wamp\www\classificados_ifrs\vendor\cakephp\cakephp\src\Routing\Middleware\RoutingMiddleware.php(104): Cake\Http\Runner->__invoke(Object(Cake\Http\ServerRequest), Object(Cake\Http\Response))
#5 C:\wamp\www\classificados_ifrs\vendor\cakephp\cakephp\src\Http\Runner.php(65): Cake\Routing\Middleware\RoutingMiddleware->__invoke(Object(Cake\Http\ServerRequest), Object(Cake\Http\Response), Object(Cake\Http\Runner))
#6 C:\wamp\www\classificados_ifrs\vendor\cakephp\cakephp\src\Routing\Middleware\AssetMiddleware.php(88): Cake\Http\Runner->__invoke(Object(Cake\Http\ServerRequest), Object(Cake\Http\Response))
#7 C:\wamp\www\classificados_ifrs\vendor\cakephp\cakephp\src\Http\Runner.php(65): Cake\Routing\Middleware\AssetMiddleware->__invoke(Object(Cake\Http\ServerRequest), Object(Cake\Http\Response), Object(Cake\Http\Runner))
#8 C:\wamp\www\classificados_ifrs\vendor\cakephp\cakephp\src\Error\Middleware\ErrorHandlerMiddleware.php(98): Cake\Http\Runner->__invoke(Object(Cake\Http\ServerRequest), Object(Cake\Http\Response))
#9 C:\wamp\www\classificados_ifrs\vendor\cakephp\cakephp\src\Http\Runner.php(65): Cake\Error\Middleware\ErrorHandlerMiddleware->__invoke(Object(Cake\Http\ServerRequest), Object(Cake\Http\Response), Object(Cake\Http\Runner))
#10 C:\wamp\www\classificados_ifrs\vendor\cakephp\debug_kit\src\Middleware\DebugKitMiddleware.php(52): Cake\Http\Runner->__invoke(Object(Cake\Http\ServerRequest), Object(Cake\Http\Response))
#11 C:\wamp\www\classificados_ifrs\vendor\cakephp\cakephp\src\Http\Runner.php(65): DebugKit\Middleware\DebugKitMiddleware->__invoke(Object(Cake\Http\ServerRequest), Object(Cake\Http\Response), Object(Cake\Http\Runner))
#12 C:\wamp\www\classificados_ifrs\vendor\cakephp\cakephp\src\Http\Runner.php(51): Cake\Http\Runner->__invoke(Object(Cake\Http\ServerRequest), Object(Cake\Http\Response))
#13 C:\wamp\www\classificados_ifrs\vendor\cakephp\cakephp\src\Http\Server.php(81): Cake\Http\Runner->run(Object(Cake\Http\MiddlewareQueue), Object(Cake\Http\ServerRequest), Object(Cake\Http\Response))
#14 C:\wamp\www\classificados_ifrs\webroot\index.php(40): Cake\Http\Server->run()
#15 {main}


2018-04-10 12:17:50 Error: [Cake\Routing\Exception\MissingControllerException] Controller class Category could not be found.
Exception Attributes: array (
  'class' => 'Category',
  'plugin' => false,
  'prefix' => false,
  '_ext' => false,
)
Request URL: /category/add
Stack Trace:
#0 C:\wamp\www\classificados_ifrs\vendor\cakephp\cakephp\src\Http\ControllerFactory.php(38): Cake\Http\ControllerFactory->missingController(Object(Cake\Http\ServerRequest))
#1 C:\wamp\www\classificados_ifrs\vendor\cakephp\cakephp\src\Http\ActionDispatcher.php(90): Cake\Http\ControllerFactory->create(Object(Cake\Http\ServerRequest), Object(Cake\Http\Response))
#2 C:\wamp\www\classificados_ifrs\vendor\cakephp\cakephp\src\Http\BaseApplication.php(108): Cake\Http\ActionDispatcher->dispatch(Object(Cake\Http\ServerRequest), Object(Cake\Http\Response))
#3 C:\wamp\www\classificados_ifrs\vendor\cakephp\cakephp\src\Http\Runner.php(65): Cake\Http\BaseApplication->__invoke(Object(Cake\Http\ServerRequest), Object(Cake\Http\Response), Object(Cake\Http\Runner))
#4 C:\wamp\www\classificados_ifrs\vendor\cakephp\cakephp\src\Routing\Middleware\RoutingMiddleware.php(104): Cake\Http\Runner->__invoke(Object(Cake\Http\ServerRequest), Object(Cake\Http\Response))
#5 C:\wamp\www\classificados_ifrs\vendor\cakephp\cakephp\src\Http\Runner.php(65): Cake\Routing\Middleware\RoutingMiddleware->__invoke(Object(Cake\Http\ServerRequest), Object(Cake\Http\Response), Object(Cake\Http\Runner))
#6 C:\wamp\www\classificados_ifrs\vendor\cakephp\cakephp\src\Routing\Middleware\AssetMiddleware.php(88): Cake\Http\Runner->__invoke(Object(Cake\Http\ServerRequest), Object(Cake\Http\Response))
#7 C:\wamp\www\classificados_ifrs\vendor\cakephp\cakephp\src\Http\Runner.php(65): Cake\Routing\Middleware\AssetMiddleware->__invoke(Object(Cake\Http\ServerRequest), Object(Cake\Http\Response), Object(Cake\Http\Runner))
#8 C:\wamp\www\classificados_ifrs\vendor\cakephp\cakephp\src\Error\Middleware\ErrorHandlerMiddleware.php(98): Cake\Http\Runner->__invoke(Object(Cake\Http\ServerRequest), Object(Cake\Http\Response))
#9 C:\wamp\www\classificados_ifrs\vendor\cakephp\cakephp\src\Http\Runner.php(65): Cake\Error\Middleware\ErrorHandlerMiddleware->__invoke(Object(Cake\Http\ServerRequest), Object(Cake\Http\Response), Object(Cake\Http\Runner))
#10 C:\wamp\www\classificados_ifrs\vendor\cakephp\debug_kit\src\Middleware\DebugKitMiddleware.php(52): Cake\Http\Runner->__invoke(Object(Cake\Http\ServerRequest), Object(Cake\Http\Response))
#11 C:\wamp\www\classificados_ifrs\vendor\cakephp\cakephp\src\Http\Runner.php(65): DebugKit\Middleware\DebugKitMiddleware->__invoke(Object(Cake\Http\ServerRequest), Object(Cake\Http\Response), Object(Cake\Http\Runner))
#12 C:\wamp\www\classificados_ifrs\vendor\cakephp\cakephp\src\Http\Runner.php(51): Cake\Http\Runner->__invoke(Object(Cake\Http\ServerRequest), Object(Cake\Http\Response))
#13 C:\wamp\www\classificados_ifrs\vendor\cakephp\cakephp\src\Http\Server.php(81): Cake\Http\Runner->run(Object(Cake\Http\MiddlewareQueue), Object(Cake\Http\ServerRequest), Object(Cake\Http\Response))
#14 C:\wamp\www\classificados_ifrs\webroot\index.php(40): Cake\Http\Server->run()
#15 {main}


2018-04-10 12:26:08 Error: [Error] Call to undefined function App\Controller\is_admin()
Request URL: /anuncios/edit/1
Stack Trace:
#0 C:\wamp\www\classificados_ifrs\vendor\cakephp\cakephp\src\Controller\Controller.php(440): App\Controller\AnunciosController->edit('1')
#1 C:\wamp\www\classificados_ifrs\vendor\cakephp\cakephp\src\Http\ActionDispatcher.php(119): Cake\Controller\Controller->invokeAction()
#2 C:\wamp\www\classificados_ifrs\vendor\cakephp\cakephp\src\Http\ActionDispatcher.php(93): Cake\Http\ActionDispatcher->_invoke(Object(App\Controller\AnunciosController))
#3 C:\wamp\www\classificados_ifrs\vendor\cakephp\cakephp\src\Http\BaseApplication.php(108): Cake\Http\ActionDispatcher->dispatch(Object(Cake\Http\ServerRequest), Object(Cake\Http\Response))
#4 C:\wamp\www\classificados_ifrs\vendor\cakephp\cakephp\src\Http\Runner.php(65): Cake\Http\BaseApplication->__invoke(Object(Cake\Http\ServerRequest), Object(Cake\Http\Response), Object(Cake\Http\Runner))
#5 C:\wamp\www\classificados_ifrs\vendor\cakephp\cakephp\src\Routing\Middleware\RoutingMiddleware.php(104): Cake\Http\Runner->__invoke(Object(Cake\Http\ServerRequest), Object(Cake\Http\Response))
#6 C:\wamp\www\classificados_ifrs\vendor\cakephp\cakephp\src\Http\Runner.php(65): Cake\Routing\Middleware\RoutingMiddleware->__invoke(Object(Cake\Http\ServerRequest), Object(Cake\Http\Response), Object(Cake\Http\Runner))
#7 C:\wamp\www\classificados_ifrs\vendor\cakephp\cakephp\src\Routing\Middleware\AssetMiddleware.php(88): Cake\Http\Runner->__invoke(Object(Cake\Http\ServerRequest), Object(Cake\Http\Response))
#8 C:\wamp\www\classificados_ifrs\vendor\cakephp\cakephp\src\Http\Runner.php(65): Cake\Routing\Middleware\AssetMiddleware->__invoke(Object(Cake\Http\ServerRequest), Object(Cake\Http\Response), Object(Cake\Http\Runner))
#9 C:\wamp\www\classificados_ifrs\vendor\cakephp\cakephp\src\Error\Middleware\ErrorHandlerMiddleware.php(98): Cake\Http\Runner->__invoke(Object(Cake\Http\ServerRequest), Object(Cake\Http\Response))
#10 C:\wamp\www\classificados_ifrs\vendor\cakephp\cakephp\src\Http\Runner.php(65): Cake\Error\Middleware\ErrorHandlerMiddleware->__invoke(Object(Cake\Http\ServerRequest), Object(Cake\Http\Response), Object(Cake\Http\Runner))
#11 C:\wamp\www\classificados_ifrs\vendor\cakephp\debug_kit\src\Middleware\DebugKitMiddleware.php(52): Cake\Http\Runner->__invoke(Object(Cake\Http\ServerRequest), Object(Cake\Http\Response))
#12 C:\wamp\www\classificados_ifrs\vendor\cakephp\cakephp\src\Http\Runner.php(65): DebugKit\Middleware\DebugKitMiddleware->__invoke(Object(Cake\Http\ServerRequest), Object(Cake\Http\Response), Object(Cake\Http\Runner))
#13 C:\wamp\www\classificados_ifrs\vendor\cakephp\cakephp\src\Http\Runner.php(51): Cake\Http\Runner->__invoke(Object(Cake\Http\ServerRequest), Object(Cake\Http\Response))
#14 C:\wamp\www\classificados_ifrs\vendor\cakephp\cakephp\src\Http\Server.php(81): Cake\Http\Runner->run(Object(Cake\Http\MiddlewareQueue), Object(Cake\Http\ServerRequest), Object(Cake\Http\Response))
#15 C:\wamp\www\classificados_ifrs\webroot\index.php(40): Cake\Http\Server->run()
#16 {main}


2018-04-10 12:56:19 Error: [BadMethodCallException] Unknown finder method "1"
Request URL: /anuncios/edit/1
Stack Trace:
#0 C:\wamp\www\classificados_ifrs\vendor\cakephp\cakephp\src\ORM\Table.php(1185): Cake\ORM\Table->callFinder(1, Object(Cake\ORM\Query), Array)
#1 C:\wamp\www\classificados_ifrs\vendor\cakephp\cakephp\src\ORM\Association.php(1031): Cake\ORM\Table->find(1, Array)
#2 C:\wamp\www\classificados_ifrs\src\Controller\AnunciosController.php(84): Cake\ORM\Association->find(1, Array)
#3 C:\wamp\www\classificados_ifrs\vendor\cakephp\cakephp\src\Controller\Controller.php(440): App\Controller\AnunciosController->edit('1')
#4 C:\wamp\www\classificados_ifrs\vendor\cakephp\cakephp\src\Http\ActionDispatcher.php(119): Cake\Controller\Controller->invokeAction()
#5 C:\wamp\www\classificados_ifrs\vendor\cakephp\cakephp\src\Http\ActionDispatcher.php(93): Cake\Http\ActionDispatcher->_invoke(Object(App\Controller\AnunciosController))
#6 C:\wamp\www\classificados_ifrs\vendor\cakephp\cakephp\src\Http\BaseApplication.php(108): Cake\Http\ActionDispatcher->dispatch(Object(Cake\Http\ServerRequest), Object(Cake\Http\Response))
#7 C:\wamp\www\classificados_ifrs\vendor\cakephp\cakephp\src\Http\Runner.php(65): Cake\Http\BaseApplication->__invoke(Object(Cake\Http\ServerRequest), Object(Cake\Http\Response), Object(Cake\Http\Runner))
#8 C:\wamp\www\classificados_ifrs\vendor\cakephp\cakephp\src\Routing\Middleware\RoutingMiddleware.php(104): Cake\Http\Runner->__invoke(Object(Cake\Http\ServerRequest), Object(Cake\Http\Response))
#9 C:\wamp\www\classificados_ifrs\vendor\cakephp\cakephp\src\Http\Runner.php(65): Cake\Routing\Middleware\RoutingMiddleware->__invoke(Object(Cake\Http\ServerRequest), Object(Cake\Http\Response), Object(Cake\Http\Runner))
#10 C:\wamp\www\classificados_ifrs\vendor\cakephp\cakephp\src\Routing\Middleware\AssetMiddleware.php(88): Cake\Http\Runner->__invoke(Object(Cake\Http\ServerRequest), Object(Cake\Http\Response))
#11 C:\wamp\www\classificados_ifrs\vendor\cakephp\cakephp\src\Http\Runner.php(65): Cake\Routing\Middleware\AssetMiddleware->__invoke(Object(Cake\Http\ServerRequest), Object(Cake\Http\Response), Object(Cake\Http\Runner))
#12 C:\wamp\www\classificados_ifrs\vendor\cakephp\cakephp\src\Error\Middleware\ErrorHandlerMiddleware.php(98): Cake\Http\Runner->__invoke(Object(Cake\Http\ServerRequest), Object(Cake\Http\Response))
#13 C:\wamp\www\classificados_ifrs\vendor\cakephp\cakephp\src\Http\Runner.php(65): Cake\Error\Middleware\ErrorHandlerMiddleware->__invoke(Object(Cake\Http\ServerRequest), Object(Cake\Http\Response), Object(Cake\Http\Runner))
#14 C:\wamp\www\classificados_ifrs\vendor\cakephp\debug_kit\src\Middleware\DebugKitMiddleware.php(52): Cake\Http\Runner->__invoke(Object(Cake\Http\ServerRequest), Object(Cake\Http\Response))
#15 C:\wamp\www\classificados_ifrs\vendor\cakephp\cakephp\src\Http\Runner.php(65): DebugKit\Middleware\DebugKitMiddleware->__invoke(Object(Cake\Http\ServerRequest), Object(Cake\Http\Response), Object(Cake\Http\Runner))
#16 C:\wamp\www\classificados_ifrs\vendor\cakephp\cakephp\src\Http\Runner.php(51): Cake\Http\Runner->__invoke(Object(Cake\Http\ServerRequest), Object(Cake\Http\Response))
#17 C:\wamp\www\classificados_ifrs\vendor\cakephp\cakephp\src\Http\Server.php(81): Cake\Http\Runner->run(Object(Cake\Http\MiddlewareQueue), Object(Cake\Http\ServerRequest), Object(Cake\Http\Response))
#18 C:\wamp\www\classificados_ifrs\webroot\index.php(40): Cake\Http\Server->run()
#19 {main}


2018-04-10 12:59:27 Error: [Error] Cannot use object of type Cake\ORM\Query as array
Request URL: /anuncios/edit/1
Stack Trace:
#0 C:\wamp\www\classificados_ifrs\vendor\cakephp\cakephp\src\View\Widget\SelectBoxWidget.php(166): Cake\View\Widget\SelectBoxWidget->_renderOptions(Array, NULL, 1, Array, true)
#1 C:\wamp\www\classificados_ifrs\vendor\cakephp\cakephp\src\View\Widget\SelectBoxWidget.php(116): Cake\View\Widget\SelectBoxWidget->_renderContent(Array)
#2 C:\wamp\www\classificados_ifrs\vendor\cakephp\cakephp\src\View\Helper\FormHelper.php(2785): Cake\View\Widget\SelectBoxWidget->render(Array, Object(Cake\View\Form\EntityContext))
#3 C:\wamp\www\classificados_ifrs\vendor\cakephp\cakephp\src\View\Helper\FormHelper.php(2083): Cake\View\Helper\FormHelper->widget('select', Array)
#4 C:\wamp\www\classificados_ifrs\vendor\cakephp\cakephp\src\View\Helper\FormHelper.php(1250): Cake\View\Helper\FormHelper->select('user_id', Array, Array)
#5 C:\wamp\www\classificados_ifrs\vendor\cakephp\cakephp\src\View\Helper\FormHelper.php(1148): Cake\View\Helper\FormHelper->_getInput('user_id', Array)
#6 C:\wamp\www\classificados_ifrs\src\Template\Anuncios\edit.ctp(32): Cake\View\Helper\FormHelper->control('user_id', Array)
#7 C:\wamp\www\classificados_ifrs\vendor\cakephp\cakephp\src\View\View.php(1203): include('C:\\wamp\\www\\cla...')
#8 C:\wamp\www\classificados_ifrs\vendor\cakephp\cakephp\src\View\View.php(1164): Cake\View\View->_evaluate('C:\\wamp\\www\\cla...', Array)
#9 C:\wamp\www\classificados_ifrs\vendor\cakephp\cakephp\src\View\View.php(772): Cake\View\View->_render('C:\\wamp\\www\\cla...')
#10 C:\wamp\www\classificados_ifrs\vendor\cakephp\cakephp\src\Controller\Controller.php(623): Cake\View\View->render(NULL, NULL)
#11 C:\wamp\www\classificados_ifrs\vendor\cakephp\cakephp\src\Http\ActionDispatcher.php(125): Cake\Controller\Controller->render()
#12 C:\wamp\www\classificados_ifrs\vendor\cakephp\cakephp\src\Http\ActionDispatcher.php(93): Cake\Http\ActionDispatcher->_invoke(Object(App\Controller\AnunciosController))
#13 C:\wamp\www\classificados_ifrs\vendor\cakephp\cakephp\src\Http\BaseApplication.php(108): Cake\Http\ActionDispatcher->dispatch(Object(Cake\Http\ServerRequest), Object(Cake\Http\Response))
#14 C:\wamp\www\classificados_ifrs\vendor\cakephp\cakephp\src\Http\Runner.php(65): Cake\Http\BaseApplication->__invoke(Object(Cake\Http\ServerRequest), Object(Cake\Http\Response), Object(Cake\Http\Runner))
#15 C:\wamp\www\classificados_ifrs\vendor\cakephp\cakephp\src\Routing\Middleware\RoutingMiddleware.php(104): Cake\Http\Runner->__invoke(Object(Cake\Http\ServerRequest), Object(Cake\Http\Response))
#16 C:\wamp\www\classificados_ifrs\vendor\cakephp\cakephp\src\Http\Runner.php(65): Cake\Routing\Middleware\RoutingMiddleware->__invoke(Object(Cake\Http\ServerRequest), Object(Cake\Http\Response), Object(Cake\Http\Runner))
#17 C:\wamp\www\classificados_ifrs\vendor\cakephp\cakephp\src\Routing\Middleware\AssetMiddleware.php(88): Cake\Http\Runner->__invoke(Object(Cake\Http\ServerRequest), Object(Cake\Http\Response))
#18 C:\wamp\www\classificados_ifrs\vendor\cakephp\cakephp\src\Http\Runner.php(65): Cake\Routing\Middleware\AssetMiddleware->__invoke(Object(Cake\Http\ServerRequest), Object(Cake\Http\Response), Object(Cake\Http\Runner))
#19 C:\wamp\www\classificados_ifrs\vendor\cakephp\cakephp\src\Error\Middleware\ErrorHandlerMiddleware.php(98): Cake\Http\Runner->__invoke(Object(Cake\Http\ServerRequest), Object(Cake\Http\Response))
#20 C:\wamp\www\classificados_ifrs\vendor\cakephp\cakephp\src\Http\Runner.php(65): Cake\Error\Middleware\ErrorHandlerMiddleware->__invoke(Object(Cake\Http\ServerRequest), Object(Cake\Http\Response), Object(Cake\Http\Runner))
#21 C:\wamp\www\classificados_ifrs\vendor\cakephp\debug_kit\src\Middleware\DebugKitMiddleware.php(52): Cake\Http\Runner->__invoke(Object(Cake\Http\ServerRequest), Object(Cake\Http\Response))
#22 C:\wamp\www\classificados_ifrs\vendor\cakephp\cakephp\src\Http\Runner.php(65): DebugKit\Middleware\DebugKitMiddleware->__invoke(Object(Cake\Http\ServerRequest), Object(Cake\Http\Response), Object(Cake\Http\Runner))
#23 C:\wamp\www\classificados_ifrs\vendor\cakephp\cakephp\src\Http\Runner.php(51): Cake\Http\Runner->__invoke(Object(Cake\Http\ServerRequest), Object(Cake\Http\Response))
#24 C:\wamp\www\classificados_ifrs\vendor\cakephp\cakephp\src\Http\Server.php(81): Cake\Http\Runner->run(Object(Cake\Http\MiddlewareQueue), Object(Cake\Http\ServerRequest), Object(Cake\Http\Response))
#25 C:\wamp\www\classificados_ifrs\webroot\index.php(40): Cake\Http\Server->run()
#26 {main}


2018-04-10 13:03:04 Error: [ParseError] syntax error, unexpected 'echo' (T_ECHO), expecting ',' or ';'
Request URL: /anuncios/add
Stack Trace:
#0 C:\wamp\www\classificados_ifrs\vendor\cakephp\cakephp\src\View\View.php(1164): Cake\View\View->_evaluate('C:\\wamp\\www\\cla...', Array)
#1 C:\wamp\www\classificados_ifrs\vendor\cakephp\cakephp\src\View\View.php(772): Cake\View\View->_render('C:\\wamp\\www\\cla...')
#2 C:\wamp\www\classificados_ifrs\vendor\cakephp\cakephp\src\Controller\Controller.php(623): Cake\View\View->render(NULL, NULL)
#3 C:\wamp\www\classificados_ifrs\vendor\cakephp\cakephp\src\Http\ActionDispatcher.php(125): Cake\Controller\Controller->render()
#4 C:\wamp\www\classificados_ifrs\vendor\cakephp\cakephp\src\Http\ActionDispatcher.php(93): Cake\Http\ActionDispatcher->_invoke(Object(App\Controller\AnunciosController))
#5 C:\wamp\www\classificados_ifrs\vendor\cakephp\cakephp\src\Http\BaseApplication.php(108): Cake\Http\ActionDispatcher->dispatch(Object(Cake\Http\ServerRequest), Object(Cake\Http\Response))
#6 C:\wamp\www\classificados_ifrs\vendor\cakephp\cakephp\src\Http\Runner.php(65): Cake\Http\BaseApplication->__invoke(Object(Cake\Http\ServerRequest), Object(Cake\Http\Response), Object(Cake\Http\Runner))
#7 C:\wamp\www\classificados_ifrs\vendor\cakephp\cakephp\src\Routing\Middleware\RoutingMiddleware.php(104): Cake\Http\Runner->__invoke(Object(Cake\Http\ServerRequest), Object(Cake\Http\Response))
#8 C:\wamp\www\classificados_ifrs\vendor\cakephp\cakephp\src\Http\Runner.php(65): Cake\Routing\Middleware\RoutingMiddleware->__invoke(Object(Cake\Http\ServerRequest), Object(Cake\Http\Response), Object(Cake\Http\Runner))
#9 C:\wamp\www\classificados_ifrs\vendor\cakephp\cakephp\src\Routing\Middleware\AssetMiddleware.php(88): Cake\Http\Runner->__invoke(Object(Cake\Http\ServerRequest), Object(Cake\Http\Response))
#10 C:\wamp\www\classificados_ifrs\vendor\cakephp\cakephp\src\Http\Runner.php(65): Cake\Routing\Middleware\AssetMiddleware->__invoke(Object(Cake\Http\ServerRequest), Object(Cake\Http\Response), Object(Cake\Http\Runner))
#11 C:\wamp\www\classificados_ifrs\vendor\cakephp\cakephp\src\Error\Middleware\ErrorHandlerMiddleware.php(98): Cake\Http\Runner->__invoke(Object(Cake\Http\ServerRequest), Object(Cake\Http\Response))
#12 C:\wamp\www\classificados_ifrs\vendor\cakephp\cakephp\src\Http\Runner.php(65): Cake\Error\Middleware\ErrorHandlerMiddleware->__invoke(Object(Cake\Http\ServerRequest), Object(Cake\Http\Response), Object(Cake\Http\Runner))
#13 C:\wamp\www\classificados_ifrs\vendor\cakephp\debug_kit\src\Middleware\DebugKitMiddleware.php(52): Cake\Http\Runner->__invoke(Object(Cake\Http\ServerRequest), Object(Cake\Http\Response))
#14 C:\wamp\www\classificados_ifrs\vendor\cakephp\cakephp\src\Http\Runner.php(65): DebugKit\Middleware\DebugKitMiddleware->__invoke(Object(Cake\Http\ServerRequest), Object(Cake\Http\Response), Object(Cake\Http\Runner))
#15 C:\wamp\www\classificados_ifrs\vendor\cakephp\cakephp\src\Http\Runner.php(51): Cake\Http\Runner->__invoke(Object(Cake\Http\ServerRequest), Object(Cake\Http\Response))
#16 C:\wamp\www\classificados_ifrs\vendor\cakephp\cakephp\src\Http\Server.php(81): Cake\Http\Runner->run(Object(Cake\Http\MiddlewareQueue), Object(Cake\Http\ServerRequest), Object(Cake\Http\Response))
#17 C:\wamp\www\classificados_ifrs\webroot\index.php(40): Cake\Http\Server->run()
#18 {main}


2018-04-10 13:05:59 Error: [ParseError] syntax error, unexpected '=>' (T_DOUBLE_ARROW), expecting ',' or ')'
Request URL: /anuncios/add
Stack Trace:
#0 C:\wamp\www\classificados_ifrs\vendor\composer\ClassLoader.php(322): Composer\Autoload\includeFile('C:\\wamp\\www\\cla...')
#1 [internal function]: Composer\Autoload\ClassLoader->loadClass('App\\Controller\\...')
#2 [internal function]: spl_autoload_call('App\\Controller\\...')
#3 C:\wamp\www\classificados_ifrs\vendor\cakephp\cakephp\src\Core\App.php(152): class_exists('App\\Controller\\...')
#4 C:\wamp\www\classificados_ifrs\vendor\cakephp\cakephp\src\Core\App.php(64): Cake\Core\App::_classExistsInBase('\\Controller\\Anu...', 'App')
#5 C:\wamp\www\classificados_ifrs\vendor\cakephp\cakephp\src\Http\ControllerFactory.php(88): Cake\Core\App::className('Anuncios', 'Controller', 'Controller')
#6 C:\wamp\www\classificados_ifrs\vendor\cakephp\cakephp\src\Http\ControllerFactory.php(36): Cake\Http\ControllerFactory->getControllerClass(Object(Cake\Http\ServerRequest))
#7 C:\wamp\www\classificados_ifrs\vendor\cakephp\cakephp\src\Http\ActionDispatcher.php(90): Cake\Http\ControllerFactory->create(Object(Cake\Http\ServerRequest), Object(Cake\Http\Response))
#8 C:\wamp\www\classificados_ifrs\vendor\cakephp\cakephp\src\Http\BaseApplication.php(108): Cake\Http\ActionDispatcher->dispatch(Object(Cake\Http\ServerRequest), Object(Cake\Http\Response))
#9 C:\wamp\www\classificados_ifrs\vendor\cakephp\cakephp\src\Http\Runner.php(65): Cake\Http\BaseApplication->__invoke(Object(Cake\Http\ServerRequest), Object(Cake\Http\Response), Object(Cake\Http\Runner))
#10 C:\wamp\www\classificados_ifrs\vendor\cakephp\cakephp\src\Routing\Middleware\RoutingMiddleware.php(104): Cake\Http\Runner->__invoke(Object(Cake\Http\ServerRequest), Object(Cake\Http\Response))
#11 C:\wamp\www\classificados_ifrs\vendor\cakephp\cakephp\src\Http\Runner.php(65): Cake\Routing\Middleware\RoutingMiddleware->__invoke(Object(Cake\Http\ServerRequest), Object(Cake\Http\Response), Object(Cake\Http\Runner))
#12 C:\wamp\www\classificados_ifrs\vendor\cakephp\cakephp\src\Routing\Middleware\AssetMiddleware.php(88): Cake\Http\Runner->__invoke(Object(Cake\Http\ServerRequest), Object(Cake\Http\Response))
#13 C:\wamp\www\classificados_ifrs\vendor\cakephp\cakephp\src\Http\Runner.php(65): Cake\Routing\Middleware\AssetMiddleware->__invoke(Object(Cake\Http\ServerRequest), Object(Cake\Http\Response), Object(Cake\Http\Runner))
#14 C:\wamp\www\classificados_ifrs\vendor\cakephp\cakephp\src\Error\Middleware\ErrorHandlerMiddleware.php(98): Cake\Http\Runner->__invoke(Object(Cake\Http\ServerRequest), Object(Cake\Http\Response))
#15 C:\wamp\www\classificados_ifrs\vendor\cakephp\cakephp\src\Http\Runner.php(65): Cake\Error\Middleware\ErrorHandlerMiddleware->__invoke(Object(Cake\Http\ServerRequest), Object(Cake\Http\Response), Object(Cake\Http\Runner))
#16 C:\wamp\www\classificados_ifrs\vendor\cakephp\debug_kit\src\Middleware\DebugKitMiddleware.php(52): Cake\Http\Runner->__invoke(Object(Cake\Http\ServerRequest), Object(Cake\Http\Response))
#17 C:\wamp\www\classificados_ifrs\vendor\cakephp\cakephp\src\Http\Runner.php(65): DebugKit\Middleware\DebugKitMiddleware->__invoke(Object(Cake\Http\ServerRequest), Object(Cake\Http\Response), Object(Cake\Http\Runner))
#18 C:\wamp\www\classificados_ifrs\vendor\cakephp\cakephp\src\Http\Runner.php(51): Cake\Http\Runner->__invoke(Object(Cake\Http\ServerRequest), Object(Cake\Http\Response))
#19 C:\wamp\www\classificados_ifrs\vendor\cakephp\cakephp\src\Http\Server.php(81): Cake\Http\Runner->run(Object(Cake\Http\MiddlewareQueue), Object(Cake\Http\ServerRequest), Object(Cake\Http\Response))
#20 C:\wamp\www\classificados_ifrs\webroot\index.php(40): Cake\Http\Server->run()
#21 {main}


2018-04-15 20:37:23 Error: [ParseError] syntax error, unexpected '?>', expecting ',' or ')'
Request URL: /
Referer URL: http://localhost/classificados_ifrs/users
Stack Trace:
#0 C:\wamp64\www\classificados_ifrs\vendor\cakephp\cakephp\src\View\View.php(1164): Cake\View\View->_evaluate('C:\\wamp64\\www\\c...', Array)
#1 C:\wamp64\www\classificados_ifrs\vendor\cakephp\cakephp\src\View\View.php(819): Cake\View\View->_render('C:\\wamp64\\www\\c...')
#2 C:\wamp64\www\classificados_ifrs\vendor\cakephp\cakephp\src\View\View.php(777): Cake\View\View->renderLayout('', 'default')
#3 C:\wamp64\www\classificados_ifrs\vendor\cakephp\cakephp\src\Controller\Controller.php(623): Cake\View\View->render('home', NULL)
#4 C:\wamp64\www\classificados_ifrs\src\Controller\PagesController.php(61): Cake\Controller\Controller->render('home')
#5 C:\wamp64\www\classificados_ifrs\vendor\cakephp\cakephp\src\Controller\Controller.php(440): App\Controller\PagesController->display('home')
#6 C:\wamp64\www\classificados_ifrs\vendor\cakephp\cakephp\src\Http\ActionDispatcher.php(119): Cake\Controller\Controller->invokeAction()
#7 C:\wamp64\www\classificados_ifrs\vendor\cakephp\cakephp\src\Http\ActionDispatcher.php(93): Cake\Http\ActionDispatcher->_invoke(Object(App\Controller\PagesController))
#8 C:\wamp64\www\classificados_ifrs\vendor\cakephp\cakephp\src\Http\BaseApplication.php(108): Cake\Http\ActionDispatcher->dispatch(Object(Cake\Http\ServerRequest), Object(Cake\Http\Response))
#9 C:\wamp64\www\classificados_ifrs\vendor\cakephp\cakephp\src\Http\Runner.php(65): Cake\Http\BaseApplication->__invoke(Object(Cake\Http\ServerRequest), Object(Cake\Http\Response), Object(Cake\Http\Runner))
#10 C:\wamp64\www\classificados_ifrs\vendor\cakephp\cakephp\src\Routing\Middleware\RoutingMiddleware.php(104): Cake\Http\Runner->__invoke(Object(Cake\Http\ServerRequest), Object(Cake\Http\Response))
#11 C:\wamp64\www\classificados_ifrs\vendor\cakephp\cakephp\src\Http\Runner.php(65): Cake\Routing\Middleware\RoutingMiddleware->__invoke(Object(Cake\Http\ServerRequest), Object(Cake\Http\Response), Object(Cake\Http\Runner))
#12 C:\wamp64\www\classificados_ifrs\vendor\cakephp\cakephp\src\Routing\Middleware\AssetMiddleware.php(88): Cake\Http\Runner->__invoke(Object(Cake\Http\ServerRequest), Object(Cake\Http\Response))
#13 C:\wamp64\www\classificados_ifrs\vendor\cakephp\cakephp\src\Http\Runner.php(65): Cake\Routing\Middleware\AssetMiddleware->__invoke(Object(Cake\Http\ServerRequest), Object(Cake\Http\Response), Object(Cake\Http\Runner))
#14 C:\wamp64\www\classificados_ifrs\vendor\cakephp\cakephp\src\Error\Middleware\ErrorHandlerMiddleware.php(98): Cake\Http\Runner->__invoke(Object(Cake\Http\ServerRequest), Object(Cake\Http\Response))
#15 C:\wamp64\www\classificados_ifrs\vendor\cakephp\cakephp\src\Http\Runner.php(65): Cake\Error\Middleware\ErrorHandlerMiddleware->__invoke(Object(Cake\Http\ServerRequest), Object(Cake\Http\Response), Object(Cake\Http\Runner))
#16 C:\wamp64\www\classificados_ifrs\vendor\cakephp\debug_kit\src\Middleware\DebugKitMiddleware.php(52): Cake\Http\Runner->__invoke(Object(Cake\Http\ServerRequest), Object(Cake\Http\Response))
#17 C:\wamp64\www\classificados_ifrs\vendor\cakephp\cakephp\src\Http\Runner.php(65): DebugKit\Middleware\DebugKitMiddleware->__invoke(Object(Cake\Http\ServerRequest), Object(Cake\Http\Response), Object(Cake\Http\Runner))
#18 C:\wamp64\www\classificados_ifrs\vendor\cakephp\cakephp\src\Http\Runner.php(51): Cake\Http\Runner->__invoke(Object(Cake\Http\ServerRequest), Object(Cake\Http\Response))
#19 C:\wamp64\www\classificados_ifrs\vendor\cakephp\cakephp\src\Http\Server.php(81): Cake\Http\Runner->run(Object(Cake\Http\MiddlewareQueue), Object(Cake\Http\ServerRequest), Object(Cake\Http\Response))
#20 C:\wamp64\www\classificados_ifrs\webroot\index.php(40): Cake\Http\Server->run()
#21 {main}


2018-04-15 20:37:30 Error: [ParseError] syntax error, unexpected '?>', expecting ',' or ')'
Request URL: /
Stack Trace:
#0 C:\wamp64\www\classificados_ifrs\vendor\cakephp\cakephp\src\View\View.php(1164): Cake\View\View->_evaluate('C:\\wamp64\\www\\c...', Array)
#1 C:\wamp64\www\classificados_ifrs\vendor\cakephp\cakephp\src\View\View.php(819): Cake\View\View->_render('C:\\wamp64\\www\\c...')
#2 C:\wamp64\www\classificados_ifrs\vendor\cakephp\cakephp\src\View\View.php(777): Cake\View\View->renderLayout('', 'default')
#3 C:\wamp64\www\classificados_ifrs\vendor\cakephp\cakephp\src\Controller\Controller.php(623): Cake\View\View->render('home', NULL)
#4 C:\wamp64\www\classificados_ifrs\src\Controller\PagesController.php(61): Cake\Controller\Controller->render('home')
#5 C:\wamp64\www\classificados_ifrs\vendor\cakephp\cakephp\src\Controller\Controller.php(440): App\Controller\PagesController->display('home')
#6 C:\wamp64\www\classificados_ifrs\vendor\cakephp\cakephp\src\Http\ActionDispatcher.php(119): Cake\Controller\Controller->invokeAction()
#7 C:\wamp64\www\classificados_ifrs\vendor\cakephp\cakephp\src\Http\ActionDispatcher.php(93): Cake\Http\ActionDispatcher->_invoke(Object(App\Controller\PagesController))
#8 C:\wamp64\www\classificados_ifrs\vendor\cakephp\cakephp\src\Http\BaseApplication.php(108): Cake\Http\ActionDispatcher->dispatch(Object(Cake\Http\ServerRequest), Object(Cake\Http\Response))
#9 C:\wamp64\www\classificados_ifrs\vendor\cakephp\cakephp\src\Http\Runner.php(65): Cake\Http\BaseApplication->__invoke(Object(Cake\Http\ServerRequest), Object(Cake\Http\Response), Object(Cake\Http\Runner))
#10 C:\wamp64\www\classificados_ifrs\vendor\cakephp\cakephp\src\Routing\Middleware\RoutingMiddleware.php(104): Cake\Http\Runner->__invoke(Object(Cake\Http\ServerRequest), Object(Cake\Http\Response))
#11 C:\wamp64\www\classificados_ifrs\vendor\cakephp\cakephp\src\Http\Runner.php(65): Cake\Routing\Middleware\RoutingMiddleware->__invoke(Object(Cake\Http\ServerRequest), Object(Cake\Http\Response), Object(Cake\Http\Runner))
#12 C:\wamp64\www\classificados_ifrs\vendor\cakephp\cakephp\src\Routing\Middleware\AssetMiddleware.php(88): Cake\Http\Runner->__invoke(Object(Cake\Http\ServerRequest), Object(Cake\Http\Response))
#13 C:\wamp64\www\classificados_ifrs\vendor\cakephp\cakephp\src\Http\Runner.php(65): Cake\Routing\Middleware\AssetMiddleware->__invoke(Object(Cake\Http\ServerRequest), Object(Cake\Http\Response), Object(Cake\Http\Runner))
#14 C:\wamp64\www\classificados_ifrs\vendor\cakephp\cakephp\src\Error\Middleware\ErrorHandlerMiddleware.php(98): Cake\Http\Runner->__invoke(Object(Cake\Http\ServerRequest), Object(Cake\Http\Response))
#15 C:\wamp64\www\classificados_ifrs\vendor\cakephp\cakephp\src\Http\Runner.php(65): Cake\Error\Middleware\ErrorHandlerMiddleware->__invoke(Object(Cake\Http\ServerRequest), Object(Cake\Http\Response), Object(Cake\Http\Runner))
#16 C:\wamp64\www\classificados_ifrs\vendor\cakephp\debug_kit\src\Middleware\DebugKitMiddleware.php(52): Cake\Http\Runner->__invoke(Object(Cake\Http\ServerRequest), Object(Cake\Http\Response))
#17 C:\wamp64\www\classificados_ifrs\vendor\cakephp\cakephp\src\Http\Runner.php(65): DebugKit\Middleware\DebugKitMiddleware->__invoke(Object(Cake\Http\ServerRequest), Object(Cake\Http\Response), Object(Cake\Http\Runner))
#18 C:\wamp64\www\classificados_ifrs\vendor\cakephp\cakephp\src\Http\Runner.php(51): Cake\Http\Runner->__invoke(Object(Cake\Http\ServerRequest), Object(Cake\Http\Response))
#19 C:\wamp64\www\classificados_ifrs\vendor\cakephp\cakephp\src\Http\Server.php(81): Cake\Http\Runner->run(Object(Cake\Http\MiddlewareQueue), Object(Cake\Http\ServerRequest), Object(Cake\Http\Response))
#20 C:\wamp64\www\classificados_ifrs\webroot\index.php(40): Cake\Http\Server->run()
#21 {main}


2018-04-15 20:38:27 Error: [ParseError] syntax error, unexpected ')', expecting ']'
Request URL: /
Stack Trace:
#0 C:\wamp64\www\classificados_ifrs\vendor\cakephp\cakephp\src\View\View.php(1164): Cake\View\View->_evaluate('C:\\wamp64\\www\\c...', Array)
#1 C:\wamp64\www\classificados_ifrs\vendor\cakephp\cakephp\src\View\View.php(819): Cake\View\View->_render('C:\\wamp64\\www\\c...')
#2 C:\wamp64\www\classificados_ifrs\vendor\cakephp\cakephp\src\View\View.php(777): Cake\View\View->renderLayout('', 'default')
#3 C:\wamp64\www\classificados_ifrs\vendor\cakephp\cakephp\src\Controller\Controller.php(623): Cake\View\View->render('home', NULL)
#4 C:\wamp64\www\classificados_ifrs\src\Controller\PagesController.php(61): Cake\Controller\Controller->render('home')
#5 C:\wamp64\www\classificados_ifrs\vendor\cakephp\cakephp\src\Controller\Controller.php(440): App\Controller\PagesController->display('home')
#6 C:\wamp64\www\classificados_ifrs\vendor\cakephp\cakephp\src\Http\ActionDispatcher.php(119): Cake\Controller\Controller->invokeAction()
#7 C:\wamp64\www\classificados_ifrs\vendor\cakephp\cakephp\src\Http\ActionDispatcher.php(93): Cake\Http\ActionDispatcher->_invoke(Object(App\Controller\PagesController))
#8 C:\wamp64\www\classificados_ifrs\vendor\cakephp\cakephp\src\Http\BaseApplication.php(108): Cake\Http\ActionDispatcher->dispatch(Object(Cake\Http\ServerRequest), Object(Cake\Http\Response))
#9 C:\wamp64\www\classificados_ifrs\vendor\cakephp\cakephp\src\Http\Runner.php(65): Cake\Http\BaseApplication->__invoke(Object(Cake\Http\ServerRequest), Object(Cake\Http\Response), Object(Cake\Http\Runner))
#10 C:\wamp64\www\classificados_ifrs\vendor\cakephp\cakephp\src\Routing\Middleware\RoutingMiddleware.php(104): Cake\Http\Runner->__invoke(Object(Cake\Http\ServerRequest), Object(Cake\Http\Response))
#11 C:\wamp64\www\classificados_ifrs\vendor\cakephp\cakephp\src\Http\Runner.php(65): Cake\Routing\Middleware\RoutingMiddleware->__invoke(Object(Cake\Http\ServerRequest), Object(Cake\Http\Response), Object(Cake\Http\Runner))
#12 C:\wamp64\www\classificados_ifrs\vendor\cakephp\cakephp\src\Routing\Middleware\AssetMiddleware.php(88): Cake\Http\Runner->__invoke(Object(Cake\Http\ServerRequest), Object(Cake\Http\Response))
#13 C:\wamp64\www\classificados_ifrs\vendor\cakephp\cakephp\src\Http\Runner.php(65): Cake\Routing\Middleware\AssetMiddleware->__invoke(Object(Cake\Http\ServerRequest), Object(Cake\Http\Response), Object(Cake\Http\Runner))
#14 C:\wamp64\www\classificados_ifrs\vendor\cakephp\cakephp\src\Error\Middleware\ErrorHandlerMiddleware.php(98): Cake\Http\Runner->__invoke(Object(Cake\Http\ServerRequest), Object(Cake\Http\Response))
#15 C:\wamp64\www\classificados_ifrs\vendor\cakephp\cakephp\src\Http\Runner.php(65): Cake\Error\Middleware\ErrorHandlerMiddleware->__invoke(Object(Cake\Http\ServerRequest), Object(Cake\Http\Response), Object(Cake\Http\Runner))
#16 C:\wamp64\www\classificados_ifrs\vendor\cakephp\debug_kit\src\Middleware\DebugKitMiddleware.php(52): Cake\Http\Runner->__invoke(Object(Cake\Http\ServerRequest), Object(Cake\Http\Response))
#17 C:\wamp64\www\classificados_ifrs\vendor\cakephp\cakephp\src\Http\Runner.php(65): DebugKit\Middleware\DebugKitMiddleware->__invoke(Object(Cake\Http\ServerRequest), Object(Cake\Http\Response), Object(Cake\Http\Runner))
#18 C:\wamp64\www\classificados_ifrs\vendor\cakephp\cakephp\src\Http\Runner.php(51): Cake\Http\Runner->__invoke(Object(Cake\Http\ServerRequest), Object(Cake\Http\Response))
#19 C:\wamp64\www\classificados_ifrs\vendor\cakephp\cakephp\src\Http\Server.php(81): Cake\Http\Runner->run(Object(Cake\Http\MiddlewareQueue), Object(Cake\Http\ServerRequest), Object(Cake\Http\Response))
#20 C:\wamp64\www\classificados_ifrs\webroot\index.php(40): Cake\Http\Server->run()
#21 {main}


